WARNING:root:Maximum Likelihood optimization failed to converge. Check mle_retvals
WARNING:root:Maximum Likelihood optimization failed to converge. Check mle_retvals
WARNING:root:the imp module is deprecated in favour of importlib; see the module's documentation for alternative uses
WARNING:root:'urllib3.contrib.pyopenssl' module is deprecated and will be removed in a future release of urllib3 2.x. Read more in this issue: https://github.com/urllib3/urllib3/issues/2680
INFO:prophet:Disabling yearly seasonality. Run prophet with yearly_seasonality=True to override this.
DEBUG:cmdstanpy:input tempfile: /var/folders/fy/sqs6tqlj7930n5fpnhhjqq3w0000gn/T/tmpjlojlxha/kar8e54c.json
DEBUG:cmdstanpy:input tempfile: /var/folders/fy/sqs6tqlj7930n5fpnhhjqq3w0000gn/T/tmpjlojlxha/0y7yj8_s.json
DEBUG:cmdstanpy:idx 0
DEBUG:cmdstanpy:running CmdStan, num_threads: None
DEBUG:cmdstanpy:CmdStan args: ['/Users/uger7/opt/anaconda3/envs/scalecast-env/lib/python3.8/site-packages/prophet/stan_model/prophet_model.bin', 'random', 'seed=7589', 'data', 'file=/var/folders/fy/sqs6tqlj7930n5fpnhhjqq3w0000gn/T/tmpjlojlxha/kar8e54c.json', 'init=/var/folders/fy/sqs6tqlj7930n5fpnhhjqq3w0000gn/T/tmpjlojlxha/0y7yj8_s.json', 'output', 'file=/var/folders/fy/sqs6tqlj7930n5fpnhhjqq3w0000gn/T/tmpjlojlxha/prophet_model_72cmfxn/prophet_model-20230226110706.csv', 'method=optimize', 'algorithm=lbfgs', 'iter=10000']
INFO:cmdstanpy:Chain [1] start processing
INFO:cmdstanpy:Chain [1] done processing
INFO:prophet:Disabling yearly seasonality. Run prophet with yearly_seasonality=True to override this.
DEBUG:cmdstanpy:input tempfile: /var/folders/fy/sqs6tqlj7930n5fpnhhjqq3w0000gn/T/tmpjlojlxha/kmi83anq.json
DEBUG:cmdstanpy:input tempfile: /var/folders/fy/sqs6tqlj7930n5fpnhhjqq3w0000gn/T/tmpjlojlxha/2qq0x6ym.json
DEBUG:cmdstanpy:idx 0
DEBUG:cmdstanpy:running CmdStan, num_threads: None
DEBUG:cmdstanpy:CmdStan args: ['/Users/uger7/opt/anaconda3/envs/scalecast-env/lib/python3.8/site-packages/prophet/stan_model/prophet_model.bin', 'random', 'seed=88553', 'data', 'file=/var/folders/fy/sqs6tqlj7930n5fpnhhjqq3w0000gn/T/tmpjlojlxha/kmi83anq.json', 'init=/var/folders/fy/sqs6tqlj7930n5fpnhhjqq3w0000gn/T/tmpjlojlxha/2qq0x6ym.json', 'output', 'file=/var/folders/fy/sqs6tqlj7930n5fpnhhjqq3w0000gn/T/tmpjlojlxha/prophet_modelj18uk457/prophet_model-20230226110706.csv', 'method=optimize', 'algorithm=lbfgs', 'iter=10000']
INFO:cmdstanpy:Chain [1] start processing
INFO:cmdstanpy:Chain [1] done processing
WARNING:root:distutils Version classes are deprecated. Use packaging.version instead.
WARNING:root:distutils Version classes are deprecated. Use packaging.version instead.
WARNING:root:Maximum Likelihood optimization failed to converge. Check mle_retvals
WARNING:root:Maximum Likelihood optimization failed to converge. Check mle_retvals
WARNING:root:the imp module is deprecated in favour of importlib; see the module's documentation for alternative uses
WARNING:root:'urllib3.contrib.pyopenssl' module is deprecated and will be removed in a future release of urllib3 2.x. Read more in this issue: https://github.com/urllib3/urllib3/issues/2680
INFO:prophet:Disabling yearly seasonality. Run prophet with yearly_seasonality=True to override this.
DEBUG:cmdstanpy:input tempfile: /var/folders/fy/sqs6tqlj7930n5fpnhhjqq3w0000gn/T/tmpuo_rf71q/oo5fi7j2.json
DEBUG:cmdstanpy:input tempfile: /var/folders/fy/sqs6tqlj7930n5fpnhhjqq3w0000gn/T/tmpuo_rf71q/y15g33ug.json
DEBUG:cmdstanpy:idx 0
DEBUG:cmdstanpy:running CmdStan, num_threads: None
DEBUG:cmdstanpy:CmdStan args: ['/Users/uger7/opt/anaconda3/envs/scalecast-env/lib/python3.8/site-packages/prophet/stan_model/prophet_model.bin', 'random', 'seed=99917', 'data', 'file=/var/folders/fy/sqs6tqlj7930n5fpnhhjqq3w0000gn/T/tmpuo_rf71q/oo5fi7j2.json', 'init=/var/folders/fy/sqs6tqlj7930n5fpnhhjqq3w0000gn/T/tmpuo_rf71q/y15g33ug.json', 'output', 'file=/var/folders/fy/sqs6tqlj7930n5fpnhhjqq3w0000gn/T/tmpuo_rf71q/prophet_modelsv4vc97g/prophet_model-20230226113518.csv', 'method=optimize', 'algorithm=lbfgs', 'iter=10000']
INFO:cmdstanpy:Chain [1] start processing
INFO:cmdstanpy:Chain [1] done processing
INFO:prophet:Disabling yearly seasonality. Run prophet with yearly_seasonality=True to override this.
DEBUG:cmdstanpy:input tempfile: /var/folders/fy/sqs6tqlj7930n5fpnhhjqq3w0000gn/T/tmpuo_rf71q/1mw6hde6.json
DEBUG:cmdstanpy:input tempfile: /var/folders/fy/sqs6tqlj7930n5fpnhhjqq3w0000gn/T/tmpuo_rf71q/2v2augfe.json
DEBUG:cmdstanpy:idx 0
DEBUG:cmdstanpy:running CmdStan, num_threads: None
DEBUG:cmdstanpy:CmdStan args: ['/Users/uger7/opt/anaconda3/envs/scalecast-env/lib/python3.8/site-packages/prophet/stan_model/prophet_model.bin', 'random', 'seed=54893', 'data', 'file=/var/folders/fy/sqs6tqlj7930n5fpnhhjqq3w0000gn/T/tmpuo_rf71q/1mw6hde6.json', 'init=/var/folders/fy/sqs6tqlj7930n5fpnhhjqq3w0000gn/T/tmpuo_rf71q/2v2augfe.json', 'output', 'file=/var/folders/fy/sqs6tqlj7930n5fpnhhjqq3w0000gn/T/tmpuo_rf71q/prophet_modellepx0v0_/prophet_model-20230226113518.csv', 'method=optimize', 'algorithm=lbfgs', 'iter=10000']
INFO:cmdstanpy:Chain [1] start processing
INFO:cmdstanpy:Chain [1] done processing
WARNING:root:distutils Version classes are deprecated. Use packaging.version instead.
WARNING:root:distutils Version classes are deprecated. Use packaging.version instead.
