WARNING:py.warnings:C:\Users\zohoo\anaconda3\envs\scalecast-env\lib\site-packages\statsmodels\graphics\tsaplots.py:348: FutureWarning: The default method 'yw' can produce PACF values outside of the [-1,1] interval. After 0.13, the default will change tounadjusted Yule-Walker ('ywm'). You can use this method now by setting method='ywm'.
  warnings.warn(

WARNING:py.warnings:C:\Users\zohoo\anaconda3\envs\scalecast-env\lib\site-packages\statsmodels\graphics\tsaplots.py:348: FutureWarning: The default method 'yw' can produce PACF values outside of the [-1,1] interval. After 0.13, the default will change tounadjusted Yule-Walker ('ywm'). You can use this method now by setting method='ywm'.
  warnings.warn(

WARNING:py.warnings:C:\Users\zohoo\anaconda3\envs\scalecast-env\lib\site-packages\statsmodels\graphics\tsaplots.py:348: FutureWarning: The default method 'yw' can produce PACF values outside of the [-1,1] interval. After 0.13, the default will change tounadjusted Yule-Walker ('ywm'). You can use this method now by setting method='ywm'.
  warnings.warn(

WARNING:py.warnings:C:\Users\zohoo\anaconda3\envs\scalecast-env\lib\site-packages\statsmodels\graphics\tsaplots.py:348: FutureWarning: The default method 'yw' can produce PACF values outside of the [-1,1] interval. After 0.13, the default will change tounadjusted Yule-Walker ('ywm'). You can use this method now by setting method='ywm'.
  warnings.warn(

WARNING:py.warnings:C:\Users\zohoo\anaconda3\envs\scalecast-env\lib\site-packages\statsmodels\graphics\tsaplots.py:348: FutureWarning: The default method 'yw' can produce PACF values outside of the [-1,1] interval. After 0.13, the default will change tounadjusted Yule-Walker ('ywm'). You can use this method now by setting method='ywm'.
  warnings.warn(

WARNING:py.warnings:C:\Users\zohoo\anaconda3\envs\scalecast-env\lib\site-packages\statsmodels\graphics\tsaplots.py:348: FutureWarning: The default method 'yw' can produce PACF values outside of the [-1,1] interval. After 0.13, the default will change tounadjusted Yule-Walker ('ywm'). You can use this method now by setting method='ywm'.
  warnings.warn(

INFO:fbprophet:Disabling daily seasonality. Run prophet with daily_seasonality=True to override this.
INFO:fbprophet:Disabling daily seasonality. Run prophet with daily_seasonality=True to override this.
INFO:fbprophet:Disabling daily seasonality. Run prophet with daily_seasonality=True to override this.
INFO:fbprophet:Disabling daily seasonality. Run prophet with daily_seasonality=True to override this.
WARNING:py.warnings:C:\Users\michaelkeith\Anaconda3\lib\site-packages\statsmodels\graphics\tsaplots.py:348: FutureWarning: The default method 'yw' can produce PACF values outside of the [-1,1] interval. After 0.13, the default will change tounadjusted Yule-Walker ('ywm'). You can use this method now by setting method='ywm'.
  warnings.warn(

INFO:fbprophet:Disabling daily seasonality. Run prophet with daily_seasonality=True to override this.
INFO:fbprophet:Disabling daily seasonality. Run prophet with daily_seasonality=True to override this.
WARNING:py.warnings:C:\Users\michaelkeith\Anaconda3\lib\site-packages\dask\dataframe\utils.py:369: FutureWarning: pandas.Int64Index is deprecated and will be removed from pandas in a future version. Use pandas.Index with the appropriate dtype instead.
  _numeric_index_types = (pd.Int64Index, pd.Float64Index, pd.UInt64Index)

WARNING:py.warnings:C:\Users\michaelkeith\Anaconda3\lib\site-packages\dask\dataframe\utils.py:369: FutureWarning: pandas.Float64Index is deprecated and will be removed from pandas in a future version. Use pandas.Index with the appropriate dtype instead.
  _numeric_index_types = (pd.Int64Index, pd.Float64Index, pd.UInt64Index)

WARNING:py.warnings:C:\Users\michaelkeith\Anaconda3\lib\site-packages\dask\dataframe\utils.py:369: FutureWarning: pandas.UInt64Index is deprecated and will be removed from pandas in a future version. Use pandas.Index with the appropriate dtype instead.
  _numeric_index_types = (pd.Int64Index, pd.Float64Index, pd.UInt64Index)

WARNING:py.warnings:C:\Users\michaelkeith\Anaconda3\lib\site-packages\statsmodels\graphics\tsaplots.py:348: FutureWarning: The default method 'yw' can produce PACF values outside of the [-1,1] interval. After 0.13, the default will change tounadjusted Yule-Walker ('ywm'). You can use this method now by setting method='ywm'.
  warnings.warn(

INFO:fbprophet:Disabling daily seasonality. Run prophet with daily_seasonality=True to override this.
WARNING:py.warnings:C:\Users\michaelkeith\Anaconda3\lib\site-packages\fbprophet\forecaster.py:891: FutureWarning:

The frame.append method is deprecated and will be removed from pandas in a future version. Use pandas.concat instead.


WARNING:py.warnings:C:\Users\michaelkeith\Anaconda3\lib\site-packages\fbprophet\forecaster.py:891: FutureWarning:

The frame.append method is deprecated and will be removed from pandas in a future version. Use pandas.concat instead.


WARNING:py.warnings:C:\Users\michaelkeith\Anaconda3\lib\site-packages\fbprophet\forecaster.py:891: FutureWarning:

The frame.append method is deprecated and will be removed from pandas in a future version. Use pandas.concat instead.


INFO:fbprophet:Disabling daily seasonality. Run prophet with daily_seasonality=True to override this.
WARNING:py.warnings:C:\Users\michaelkeith\Anaconda3\lib\site-packages\fbprophet\forecaster.py:891: FutureWarning:

The frame.append method is deprecated and will be removed from pandas in a future version. Use pandas.concat instead.


WARNING:py.warnings:C:\Users\michaelkeith\Anaconda3\lib\site-packages\fbprophet\forecaster.py:891: FutureWarning:

The frame.append method is deprecated and will be removed from pandas in a future version. Use pandas.concat instead.


WARNING:py.warnings:C:\Users\michaelkeith\Anaconda3\lib\site-packages\fbprophet\forecaster.py:891: FutureWarning:

The frame.append method is deprecated and will be removed from pandas in a future version. Use pandas.concat instead.


WARNING:py.warnings:C:\Users\michaelkeith\Anaconda3\lib\site-packages\fbprophet\forecaster.py:891: FutureWarning:

The frame.append method is deprecated and will be removed from pandas in a future version. Use pandas.concat instead.


WARNING:py.warnings:C:\Users\michaelkeith\Anaconda3\lib\site-packages\fbprophet\forecaster.py:891: FutureWarning:

The frame.append method is deprecated and will be removed from pandas in a future version. Use pandas.concat instead.


