WARNING:py.warnings:C:\Users\michaelkeith\Anaconda3\lib\site-packages\statsmodels\graphics\tsaplots.py:348: FutureWarning: The default method 'yw' can produce PACF values outside of the [-1,1] interval. After 0.13, the default will change tounadjusted Yule-Walker ('ywm'). You can use this method now by setting method='ywm'.
  warnings.warn(

WARNING:root:warning: AR1 is not the correct length in the future_dates attribute and this can cause errors when forecasting. its length is 1 and future_dates length is 24
WARNING:root:warning: AR2 is not the correct length in the future_dates attribute and this can cause errors when forecasting. its length is 1 and future_dates length is 24
WARNING:root:warning: AR3 is not the correct length in the future_dates attribute and this can cause errors when forecasting. its length is 1 and future_dates length is 24
WARNING:root:warning: AR4 is not the correct length in the future_dates attribute and this can cause errors when forecasting. its length is 1 and future_dates length is 24
WARNING:root:warning: AR5 is not the correct length in the future_dates attribute and this can cause errors when forecasting. its length is 1 and future_dates length is 24
WARNING:root:warning: AR6 is not the correct length in the future_dates attribute and this can cause errors when forecasting. its length is 1 and future_dates length is 24
WARNING:root:warning: AR7 is not the correct length in the future_dates attribute and this can cause errors when forecasting. its length is 1 and future_dates length is 24
WARNING:root:warning: AR8 is not the correct length in the future_dates attribute and this can cause errors when forecasting. its length is 1 and future_dates length is 24
WARNING:root:warning: AR9 is not the correct length in the future_dates attribute and this can cause errors when forecasting. its length is 1 and future_dates length is 24
WARNING:root:warning: AR10 is not the correct length in the future_dates attribute and this can cause errors when forecasting. its length is 1 and future_dates length is 24
WARNING:root:warning: AR11 is not the correct length in the future_dates attribute and this can cause errors when forecasting. its length is 1 and future_dates length is 24
WARNING:root:warning: AR12 is not the correct length in the future_dates attribute and this can cause errors when forecasting. its length is 1 and future_dates length is 24
WARNING:root:warning: AR13 is not the correct length in the future_dates attribute and this can cause errors when forecasting. its length is 1 and future_dates length is 24
WARNING:root:warning: AR14 is not the correct length in the future_dates attribute and this can cause errors when forecasting. its length is 1 and future_dates length is 24
WARNING:root:warning: AR15 is not the correct length in the future_dates attribute and this can cause errors when forecasting. its length is 1 and future_dates length is 24
WARNING:root:warning: AR16 is not the correct length in the future_dates attribute and this can cause errors when forecasting. its length is 1 and future_dates length is 24
WARNING:root:warning: AR17 is not the correct length in the future_dates attribute and this can cause errors when forecasting. its length is 1 and future_dates length is 24
WARNING:root:warning: AR18 is not the correct length in the future_dates attribute and this can cause errors when forecasting. its length is 1 and future_dates length is 24
WARNING:root:warning: AR19 is not the correct length in the future_dates attribute and this can cause errors when forecasting. its length is 1 and future_dates length is 24
WARNING:root:warning: AR20 is not the correct length in the future_dates attribute and this can cause errors when forecasting. its length is 1 and future_dates length is 24
WARNING:root:warning: AR21 is not the correct length in the future_dates attribute and this can cause errors when forecasting. its length is 1 and future_dates length is 24
WARNING:root:warning: AR22 is not the correct length in the future_dates attribute and this can cause errors when forecasting. its length is 1 and future_dates length is 24
WARNING:root:warning: AR23 is not the correct length in the future_dates attribute and this can cause errors when forecasting. its length is 1 and future_dates length is 24
WARNING:root:warning: AR24 is not the correct length in the future_dates attribute and this can cause errors when forecasting. its length is 1 and future_dates length is 24
WARNING:root:warning: AR25 is not the correct length in the future_dates attribute and this can cause errors when forecasting. its length is 1 and future_dates length is 24
WARNING:root:warning: AR26 is not the correct length in the future_dates attribute and this can cause errors when forecasting. its length is 1 and future_dates length is 24
WARNING:root:warning: AR27 is not the correct length in the future_dates attribute and this can cause errors when forecasting. its length is 1 and future_dates length is 24
WARNING:root:warning: AR28 is not the correct length in the future_dates attribute and this can cause errors when forecasting. its length is 1 and future_dates length is 24
WARNING:root:warning: AR29 is not the correct length in the future_dates attribute and this can cause errors when forecasting. its length is 1 and future_dates length is 24
WARNING:root:warning: AR30 is not the correct length in the future_dates attribute and this can cause errors when forecasting. its length is 1 and future_dates length is 24
WARNING:root:warning: AR31 is not the correct length in the future_dates attribute and this can cause errors when forecasting. its length is 1 and future_dates length is 24
WARNING:root:warning: AR32 is not the correct length in the future_dates attribute and this can cause errors when forecasting. its length is 1 and future_dates length is 24
WARNING:root:warning: AR33 is not the correct length in the future_dates attribute and this can cause errors when forecasting. its length is 1 and future_dates length is 24
WARNING:root:warning: AR34 is not the correct length in the future_dates attribute and this can cause errors when forecasting. its length is 1 and future_dates length is 24
WARNING:root:warning: AR35 is not the correct length in the future_dates attribute and this can cause errors when forecasting. its length is 1 and future_dates length is 24
WARNING:root:warning: AR36 is not the correct length in the future_dates attribute and this can cause errors when forecasting. its length is 1 and future_dates length is 24
WARNING:root:warning: AR37 is not the correct length in the future_dates attribute and this can cause errors when forecasting. its length is 1 and future_dates length is 24
WARNING:root:warning: AR38 is not the correct length in the future_dates attribute and this can cause errors when forecasting. its length is 1 and future_dates length is 24
WARNING:root:warning: AR39 is not the correct length in the future_dates attribute and this can cause errors when forecasting. its length is 1 and future_dates length is 24
WARNING:root:warning: AR40 is not the correct length in the future_dates attribute and this can cause errors when forecasting. its length is 1 and future_dates length is 24
WARNING:root:warning: AR41 is not the correct length in the future_dates attribute and this can cause errors when forecasting. its length is 1 and future_dates length is 24
WARNING:root:warning: AR42 is not the correct length in the future_dates attribute and this can cause errors when forecasting. its length is 1 and future_dates length is 24
WARNING:root:warning: AR43 is not the correct length in the future_dates attribute and this can cause errors when forecasting. its length is 1 and future_dates length is 24
WARNING:root:warning: AR44 is not the correct length in the future_dates attribute and this can cause errors when forecasting. its length is 1 and future_dates length is 24
WARNING:root:warning: AR45 is not the correct length in the future_dates attribute and this can cause errors when forecasting. its length is 1 and future_dates length is 24
WARNING:root:warning: AR46 is not the correct length in the future_dates attribute and this can cause errors when forecasting. its length is 1 and future_dates length is 24
WARNING:root:warning: AR47 is not the correct length in the future_dates attribute and this can cause errors when forecasting. its length is 1 and future_dates length is 24
WARNING:root:warning: AR48 is not the correct length in the future_dates attribute and this can cause errors when forecasting. its length is 1 and future_dates length is 24
WARNING:root:warning: AR1 is not the correct length in the future_dates attribute and this can cause errors when forecasting. its length is 1 and future_dates length is 24
WARNING:root:warning: AR2 is not the correct length in the future_dates attribute and this can cause errors when forecasting. its length is 1 and future_dates length is 24
WARNING:root:warning: AR3 is not the correct length in the future_dates attribute and this can cause errors when forecasting. its length is 1 and future_dates length is 24
WARNING:root:warning: AR4 is not the correct length in the future_dates attribute and this can cause errors when forecasting. its length is 1 and future_dates length is 24
WARNING:root:warning: AR5 is not the correct length in the future_dates attribute and this can cause errors when forecasting. its length is 1 and future_dates length is 24
WARNING:root:warning: AR6 is not the correct length in the future_dates attribute and this can cause errors when forecasting. its length is 1 and future_dates length is 24
WARNING:root:warning: AR7 is not the correct length in the future_dates attribute and this can cause errors when forecasting. its length is 1 and future_dates length is 24
WARNING:root:warning: AR8 is not the correct length in the future_dates attribute and this can cause errors when forecasting. its length is 1 and future_dates length is 24
WARNING:root:warning: AR9 is not the correct length in the future_dates attribute and this can cause errors when forecasting. its length is 1 and future_dates length is 24
WARNING:root:warning: AR10 is not the correct length in the future_dates attribute and this can cause errors when forecasting. its length is 1 and future_dates length is 24
WARNING:root:warning: AR11 is not the correct length in the future_dates attribute and this can cause errors when forecasting. its length is 1 and future_dates length is 24
WARNING:root:warning: AR12 is not the correct length in the future_dates attribute and this can cause errors when forecasting. its length is 1 and future_dates length is 24
WARNING:root:warning: AR13 is not the correct length in the future_dates attribute and this can cause errors when forecasting. its length is 1 and future_dates length is 24
WARNING:root:warning: AR14 is not the correct length in the future_dates attribute and this can cause errors when forecasting. its length is 1 and future_dates length is 24
WARNING:root:warning: AR15 is not the correct length in the future_dates attribute and this can cause errors when forecasting. its length is 1 and future_dates length is 24
WARNING:root:warning: AR16 is not the correct length in the future_dates attribute and this can cause errors when forecasting. its length is 1 and future_dates length is 24
WARNING:root:warning: AR17 is not the correct length in the future_dates attribute and this can cause errors when forecasting. its length is 1 and future_dates length is 24
WARNING:root:warning: AR18 is not the correct length in the future_dates attribute and this can cause errors when forecasting. its length is 1 and future_dates length is 24
WARNING:root:warning: AR19 is not the correct length in the future_dates attribute and this can cause errors when forecasting. its length is 1 and future_dates length is 24
WARNING:root:warning: AR20 is not the correct length in the future_dates attribute and this can cause errors when forecasting. its length is 1 and future_dates length is 24
WARNING:root:warning: AR21 is not the correct length in the future_dates attribute and this can cause errors when forecasting. its length is 1 and future_dates length is 24
WARNING:root:warning: AR22 is not the correct length in the future_dates attribute and this can cause errors when forecasting. its length is 1 and future_dates length is 24
WARNING:root:warning: AR23 is not the correct length in the future_dates attribute and this can cause errors when forecasting. its length is 1 and future_dates length is 24
WARNING:root:warning: AR24 is not the correct length in the future_dates attribute and this can cause errors when forecasting. its length is 1 and future_dates length is 24
WARNING:root:warning: AR25 is not the correct length in the future_dates attribute and this can cause errors when forecasting. its length is 1 and future_dates length is 24
WARNING:root:warning: AR26 is not the correct length in the future_dates attribute and this can cause errors when forecasting. its length is 1 and future_dates length is 24
WARNING:root:warning: AR27 is not the correct length in the future_dates attribute and this can cause errors when forecasting. its length is 1 and future_dates length is 24
WARNING:root:warning: AR28 is not the correct length in the future_dates attribute and this can cause errors when forecasting. its length is 1 and future_dates length is 24
WARNING:root:warning: AR29 is not the correct length in the future_dates attribute and this can cause errors when forecasting. its length is 1 and future_dates length is 24
WARNING:root:warning: AR30 is not the correct length in the future_dates attribute and this can cause errors when forecasting. its length is 1 and future_dates length is 24
WARNING:root:warning: AR31 is not the correct length in the future_dates attribute and this can cause errors when forecasting. its length is 1 and future_dates length is 24
WARNING:root:warning: AR32 is not the correct length in the future_dates attribute and this can cause errors when forecasting. its length is 1 and future_dates length is 24
WARNING:root:warning: AR33 is not the correct length in the future_dates attribute and this can cause errors when forecasting. its length is 1 and future_dates length is 24
WARNING:root:warning: AR34 is not the correct length in the future_dates attribute and this can cause errors when forecasting. its length is 1 and future_dates length is 24
WARNING:root:warning: AR35 is not the correct length in the future_dates attribute and this can cause errors when forecasting. its length is 1 and future_dates length is 24
WARNING:root:warning: AR36 is not the correct length in the future_dates attribute and this can cause errors when forecasting. its length is 1 and future_dates length is 24
WARNING:root:warning: AR37 is not the correct length in the future_dates attribute and this can cause errors when forecasting. its length is 1 and future_dates length is 24
WARNING:root:warning: AR38 is not the correct length in the future_dates attribute and this can cause errors when forecasting. its length is 1 and future_dates length is 24
WARNING:root:warning: AR39 is not the correct length in the future_dates attribute and this can cause errors when forecasting. its length is 1 and future_dates length is 24
WARNING:root:warning: AR40 is not the correct length in the future_dates attribute and this can cause errors when forecasting. its length is 1 and future_dates length is 24
WARNING:root:warning: AR41 is not the correct length in the future_dates attribute and this can cause errors when forecasting. its length is 1 and future_dates length is 24
WARNING:root:warning: AR42 is not the correct length in the future_dates attribute and this can cause errors when forecasting. its length is 1 and future_dates length is 24
WARNING:root:warning: AR43 is not the correct length in the future_dates attribute and this can cause errors when forecasting. its length is 1 and future_dates length is 24
WARNING:root:warning: AR44 is not the correct length in the future_dates attribute and this can cause errors when forecasting. its length is 1 and future_dates length is 24
WARNING:root:warning: AR45 is not the correct length in the future_dates attribute and this can cause errors when forecasting. its length is 1 and future_dates length is 24
WARNING:root:warning: AR46 is not the correct length in the future_dates attribute and this can cause errors when forecasting. its length is 1 and future_dates length is 24
WARNING:root:warning: AR47 is not the correct length in the future_dates attribute and this can cause errors when forecasting. its length is 1 and future_dates length is 24
WARNING:root:warning: AR48 is not the correct length in the future_dates attribute and this can cause errors when forecasting. its length is 1 and future_dates length is 24
WARNING:root:warning: AR1 is not the correct length in the future_dates attribute and this can cause errors when forecasting. its length is 1 and future_dates length is 24
WARNING:root:warning: AR2 is not the correct length in the future_dates attribute and this can cause errors when forecasting. its length is 1 and future_dates length is 24
WARNING:root:warning: AR3 is not the correct length in the future_dates attribute and this can cause errors when forecasting. its length is 1 and future_dates length is 24
WARNING:root:warning: AR4 is not the correct length in the future_dates attribute and this can cause errors when forecasting. its length is 1 and future_dates length is 24
WARNING:root:warning: AR5 is not the correct length in the future_dates attribute and this can cause errors when forecasting. its length is 1 and future_dates length is 24
WARNING:root:warning: AR6 is not the correct length in the future_dates attribute and this can cause errors when forecasting. its length is 1 and future_dates length is 24
WARNING:root:warning: AR7 is not the correct length in the future_dates attribute and this can cause errors when forecasting. its length is 1 and future_dates length is 24
WARNING:root:warning: AR8 is not the correct length in the future_dates attribute and this can cause errors when forecasting. its length is 1 and future_dates length is 24
WARNING:root:warning: AR9 is not the correct length in the future_dates attribute and this can cause errors when forecasting. its length is 1 and future_dates length is 24
WARNING:root:warning: AR10 is not the correct length in the future_dates attribute and this can cause errors when forecasting. its length is 1 and future_dates length is 24
WARNING:root:warning: AR11 is not the correct length in the future_dates attribute and this can cause errors when forecasting. its length is 1 and future_dates length is 24
WARNING:root:warning: AR12 is not the correct length in the future_dates attribute and this can cause errors when forecasting. its length is 1 and future_dates length is 24
WARNING:root:warning: AR13 is not the correct length in the future_dates attribute and this can cause errors when forecasting. its length is 1 and future_dates length is 24
WARNING:root:warning: AR14 is not the correct length in the future_dates attribute and this can cause errors when forecasting. its length is 1 and future_dates length is 24
WARNING:root:warning: AR15 is not the correct length in the future_dates attribute and this can cause errors when forecasting. its length is 1 and future_dates length is 24
WARNING:root:warning: AR16 is not the correct length in the future_dates attribute and this can cause errors when forecasting. its length is 1 and future_dates length is 24
WARNING:root:warning: AR17 is not the correct length in the future_dates attribute and this can cause errors when forecasting. its length is 1 and future_dates length is 24
WARNING:root:warning: AR18 is not the correct length in the future_dates attribute and this can cause errors when forecasting. its length is 1 and future_dates length is 24
WARNING:root:warning: AR19 is not the correct length in the future_dates attribute and this can cause errors when forecasting. its length is 1 and future_dates length is 24
WARNING:root:warning: AR20 is not the correct length in the future_dates attribute and this can cause errors when forecasting. its length is 1 and future_dates length is 24
WARNING:root:warning: AR21 is not the correct length in the future_dates attribute and this can cause errors when forecasting. its length is 1 and future_dates length is 24
WARNING:root:warning: AR22 is not the correct length in the future_dates attribute and this can cause errors when forecasting. its length is 1 and future_dates length is 24
WARNING:root:warning: AR23 is not the correct length in the future_dates attribute and this can cause errors when forecasting. its length is 1 and future_dates length is 24
WARNING:root:warning: AR24 is not the correct length in the future_dates attribute and this can cause errors when forecasting. its length is 1 and future_dates length is 24
WARNING:root:warning: AR25 is not the correct length in the future_dates attribute and this can cause errors when forecasting. its length is 1 and future_dates length is 24
WARNING:root:warning: AR26 is not the correct length in the future_dates attribute and this can cause errors when forecasting. its length is 1 and future_dates length is 24
WARNING:root:warning: AR27 is not the correct length in the future_dates attribute and this can cause errors when forecasting. its length is 1 and future_dates length is 24
WARNING:root:warning: AR28 is not the correct length in the future_dates attribute and this can cause errors when forecasting. its length is 1 and future_dates length is 24
WARNING:root:warning: AR29 is not the correct length in the future_dates attribute and this can cause errors when forecasting. its length is 1 and future_dates length is 24
WARNING:root:warning: AR30 is not the correct length in the future_dates attribute and this can cause errors when forecasting. its length is 1 and future_dates length is 24
WARNING:root:warning: AR31 is not the correct length in the future_dates attribute and this can cause errors when forecasting. its length is 1 and future_dates length is 24
WARNING:root:warning: AR32 is not the correct length in the future_dates attribute and this can cause errors when forecasting. its length is 1 and future_dates length is 24
WARNING:root:warning: AR33 is not the correct length in the future_dates attribute and this can cause errors when forecasting. its length is 1 and future_dates length is 24
WARNING:root:warning: AR34 is not the correct length in the future_dates attribute and this can cause errors when forecasting. its length is 1 and future_dates length is 24
WARNING:root:warning: AR35 is not the correct length in the future_dates attribute and this can cause errors when forecasting. its length is 1 and future_dates length is 24
WARNING:root:warning: AR36 is not the correct length in the future_dates attribute and this can cause errors when forecasting. its length is 1 and future_dates length is 24
WARNING:root:warning: AR37 is not the correct length in the future_dates attribute and this can cause errors when forecasting. its length is 1 and future_dates length is 24
WARNING:root:warning: AR38 is not the correct length in the future_dates attribute and this can cause errors when forecasting. its length is 1 and future_dates length is 24
WARNING:root:warning: AR39 is not the correct length in the future_dates attribute and this can cause errors when forecasting. its length is 1 and future_dates length is 24
WARNING:root:warning: AR40 is not the correct length in the future_dates attribute and this can cause errors when forecasting. its length is 1 and future_dates length is 24
WARNING:root:warning: AR41 is not the correct length in the future_dates attribute and this can cause errors when forecasting. its length is 1 and future_dates length is 24
WARNING:root:warning: AR42 is not the correct length in the future_dates attribute and this can cause errors when forecasting. its length is 1 and future_dates length is 24
WARNING:root:warning: AR43 is not the correct length in the future_dates attribute and this can cause errors when forecasting. its length is 1 and future_dates length is 24
WARNING:root:warning: AR44 is not the correct length in the future_dates attribute and this can cause errors when forecasting. its length is 1 and future_dates length is 24
WARNING:root:warning: AR45 is not the correct length in the future_dates attribute and this can cause errors when forecasting. its length is 1 and future_dates length is 24
WARNING:root:warning: AR46 is not the correct length in the future_dates attribute and this can cause errors when forecasting. its length is 1 and future_dates length is 24
WARNING:root:warning: AR47 is not the correct length in the future_dates attribute and this can cause errors when forecasting. its length is 1 and future_dates length is 24
WARNING:root:warning: AR48 is not the correct length in the future_dates attribute and this can cause errors when forecasting. its length is 1 and future_dates length is 24
WARNING:py.warnings:C:\Users\michaelkeith\Anaconda3\lib\site-packages\statsmodels\tsa\holtwinters\model.py:83: RuntimeWarning: overflow encountered in matmul
  return err.T @ err

WARNING:py.warnings:C:\Users\michaelkeith\Anaconda3\lib\site-packages\statsmodels\tsa\holtwinters\model.py:83: RuntimeWarning: overflow encountered in matmul
  return err.T @ err

WARNING:py.warnings:C:\Users\michaelkeith\Anaconda3\lib\site-packages\statsmodels\tsa\holtwinters\model.py:83: RuntimeWarning: overflow encountered in matmul
  return err.T @ err

WARNING:py.warnings:C:\Users\michaelkeith\Anaconda3\lib\site-packages\statsmodels\tsa\holtwinters\model.py:83: RuntimeWarning: overflow encountered in matmul
  return err.T @ err

WARNING:root:warning: AR1 is not the correct length in the future_dates attribute and this can cause errors when forecasting. its length is 1 and future_dates length is 24
WARNING:root:warning: AR2 is not the correct length in the future_dates attribute and this can cause errors when forecasting. its length is 1 and future_dates length is 24
WARNING:root:warning: AR3 is not the correct length in the future_dates attribute and this can cause errors when forecasting. its length is 1 and future_dates length is 24
WARNING:root:warning: AR4 is not the correct length in the future_dates attribute and this can cause errors when forecasting. its length is 1 and future_dates length is 24
WARNING:root:warning: AR5 is not the correct length in the future_dates attribute and this can cause errors when forecasting. its length is 1 and future_dates length is 24
WARNING:root:warning: AR6 is not the correct length in the future_dates attribute and this can cause errors when forecasting. its length is 1 and future_dates length is 24
WARNING:root:warning: AR7 is not the correct length in the future_dates attribute and this can cause errors when forecasting. its length is 1 and future_dates length is 24
WARNING:root:warning: AR8 is not the correct length in the future_dates attribute and this can cause errors when forecasting. its length is 1 and future_dates length is 24
WARNING:root:warning: AR9 is not the correct length in the future_dates attribute and this can cause errors when forecasting. its length is 1 and future_dates length is 24
WARNING:root:warning: AR10 is not the correct length in the future_dates attribute and this can cause errors when forecasting. its length is 1 and future_dates length is 24
WARNING:root:warning: AR11 is not the correct length in the future_dates attribute and this can cause errors when forecasting. its length is 1 and future_dates length is 24
WARNING:root:warning: AR12 is not the correct length in the future_dates attribute and this can cause errors when forecasting. its length is 1 and future_dates length is 24
WARNING:root:warning: AR13 is not the correct length in the future_dates attribute and this can cause errors when forecasting. its length is 1 and future_dates length is 24
WARNING:root:warning: AR14 is not the correct length in the future_dates attribute and this can cause errors when forecasting. its length is 1 and future_dates length is 24
WARNING:root:warning: AR15 is not the correct length in the future_dates attribute and this can cause errors when forecasting. its length is 1 and future_dates length is 24
WARNING:root:warning: AR16 is not the correct length in the future_dates attribute and this can cause errors when forecasting. its length is 1 and future_dates length is 24
WARNING:root:warning: AR17 is not the correct length in the future_dates attribute and this can cause errors when forecasting. its length is 1 and future_dates length is 24
WARNING:root:warning: AR18 is not the correct length in the future_dates attribute and this can cause errors when forecasting. its length is 1 and future_dates length is 24
WARNING:root:warning: AR19 is not the correct length in the future_dates attribute and this can cause errors when forecasting. its length is 1 and future_dates length is 24
WARNING:root:warning: AR20 is not the correct length in the future_dates attribute and this can cause errors when forecasting. its length is 1 and future_dates length is 24
WARNING:root:warning: AR21 is not the correct length in the future_dates attribute and this can cause errors when forecasting. its length is 1 and future_dates length is 24
WARNING:root:warning: AR22 is not the correct length in the future_dates attribute and this can cause errors when forecasting. its length is 1 and future_dates length is 24
WARNING:root:warning: AR23 is not the correct length in the future_dates attribute and this can cause errors when forecasting. its length is 1 and future_dates length is 24
WARNING:root:warning: AR24 is not the correct length in the future_dates attribute and this can cause errors when forecasting. its length is 1 and future_dates length is 24
WARNING:root:warning: AR25 is not the correct length in the future_dates attribute and this can cause errors when forecasting. its length is 1 and future_dates length is 24
WARNING:root:warning: AR26 is not the correct length in the future_dates attribute and this can cause errors when forecasting. its length is 1 and future_dates length is 24
WARNING:root:warning: AR27 is not the correct length in the future_dates attribute and this can cause errors when forecasting. its length is 1 and future_dates length is 24
WARNING:root:warning: AR28 is not the correct length in the future_dates attribute and this can cause errors when forecasting. its length is 1 and future_dates length is 24
WARNING:root:warning: AR29 is not the correct length in the future_dates attribute and this can cause errors when forecasting. its length is 1 and future_dates length is 24
WARNING:root:warning: AR30 is not the correct length in the future_dates attribute and this can cause errors when forecasting. its length is 1 and future_dates length is 24
WARNING:root:warning: AR31 is not the correct length in the future_dates attribute and this can cause errors when forecasting. its length is 1 and future_dates length is 24
WARNING:root:warning: AR32 is not the correct length in the future_dates attribute and this can cause errors when forecasting. its length is 1 and future_dates length is 24
WARNING:root:warning: AR33 is not the correct length in the future_dates attribute and this can cause errors when forecasting. its length is 1 and future_dates length is 24
WARNING:root:warning: AR34 is not the correct length in the future_dates attribute and this can cause errors when forecasting. its length is 1 and future_dates length is 24
WARNING:root:warning: AR35 is not the correct length in the future_dates attribute and this can cause errors when forecasting. its length is 1 and future_dates length is 24
WARNING:root:warning: AR36 is not the correct length in the future_dates attribute and this can cause errors when forecasting. its length is 1 and future_dates length is 24
WARNING:root:warning: AR37 is not the correct length in the future_dates attribute and this can cause errors when forecasting. its length is 1 and future_dates length is 24
WARNING:root:warning: AR38 is not the correct length in the future_dates attribute and this can cause errors when forecasting. its length is 1 and future_dates length is 24
WARNING:root:warning: AR39 is not the correct length in the future_dates attribute and this can cause errors when forecasting. its length is 1 and future_dates length is 24
WARNING:root:warning: AR40 is not the correct length in the future_dates attribute and this can cause errors when forecasting. its length is 1 and future_dates length is 24
WARNING:root:warning: AR41 is not the correct length in the future_dates attribute and this can cause errors when forecasting. its length is 1 and future_dates length is 24
WARNING:root:warning: AR42 is not the correct length in the future_dates attribute and this can cause errors when forecasting. its length is 1 and future_dates length is 24
WARNING:root:warning: AR43 is not the correct length in the future_dates attribute and this can cause errors when forecasting. its length is 1 and future_dates length is 24
WARNING:root:warning: AR44 is not the correct length in the future_dates attribute and this can cause errors when forecasting. its length is 1 and future_dates length is 24
WARNING:root:warning: AR45 is not the correct length in the future_dates attribute and this can cause errors when forecasting. its length is 1 and future_dates length is 24
WARNING:root:warning: AR46 is not the correct length in the future_dates attribute and this can cause errors when forecasting. its length is 1 and future_dates length is 24
WARNING:root:warning: AR47 is not the correct length in the future_dates attribute and this can cause errors when forecasting. its length is 1 and future_dates length is 24
WARNING:root:warning: AR48 is not the correct length in the future_dates attribute and this can cause errors when forecasting. its length is 1 and future_dates length is 24
WARNING:py.warnings:C:\Users\michaelkeith\Anaconda3\lib\site-packages\statsmodels\tsa\statespace\sarimax.py:978: UserWarning: Non-invertible starting MA parameters found. Using zeros as starting parameters.
  warn('Non-invertible starting MA parameters found.'

WARNING:py.warnings:C:\Users\michaelkeith\Anaconda3\lib\site-packages\statsmodels\base\model.py:604: ConvergenceWarning: Maximum Likelihood optimization failed to converge. Check mle_retvals
  warnings.warn("Maximum Likelihood optimization failed to "

WARNING:py.warnings:C:\Users\michaelkeith\Anaconda3\lib\site-packages\statsmodels\tsa\statespace\sarimax.py:978: UserWarning: Non-invertible starting MA parameters found. Using zeros as starting parameters.
  warn('Non-invertible starting MA parameters found.'

WARNING:py.warnings:C:\Users\michaelkeith\Anaconda3\lib\site-packages\statsmodels\base\model.py:604: ConvergenceWarning: Maximum Likelihood optimization failed to converge. Check mle_retvals
  warnings.warn("Maximum Likelihood optimization failed to "

WARNING:py.warnings:C:\Users\michaelkeith\Anaconda3\lib\site-packages\statsmodels\base\model.py:604: ConvergenceWarning: Maximum Likelihood optimization failed to converge. Check mle_retvals
  warnings.warn("Maximum Likelihood optimization failed to "

WARNING:py.warnings:C:\Users\michaelkeith\Anaconda3\lib\site-packages\statsmodels\tsa\statespace\sarimax.py:966: UserWarning: Non-stationary starting autoregressive parameters found. Using zeros as starting parameters.
  warn('Non-stationary starting autoregressive parameters'

WARNING:py.warnings:C:\Users\michaelkeith\Anaconda3\lib\site-packages\statsmodels\tsa\statespace\sarimax.py:978: UserWarning: Non-invertible starting MA parameters found. Using zeros as starting parameters.
  warn('Non-invertible starting MA parameters found.'

WARNING:py.warnings:C:\Users\michaelkeith\Anaconda3\lib\site-packages\statsmodels\base\model.py:604: ConvergenceWarning: Maximum Likelihood optimization failed to converge. Check mle_retvals
  warnings.warn("Maximum Likelihood optimization failed to "

WARNING:py.warnings:C:\Users\michaelkeith\Anaconda3\lib\site-packages\sklearn\base.py:493: FutureWarning: The feature names should match those that were passed during fit. Starting version 1.2, an error will be raised.
Feature names must be in the same order as they were in fit.

  warnings.warn(message, FutureWarning)

WARNING:py.warnings:C:\Users\michaelkeith\Anaconda3\lib\site-packages\sklearn\base.py:493: FutureWarning: The feature names should match those that were passed during fit. Starting version 1.2, an error will be raised.
Feature names must be in the same order as they were in fit.

  warnings.warn(message, FutureWarning)

WARNING:py.warnings:C:\Users\michaelkeith\Anaconda3\lib\site-packages\sklearn\base.py:493: FutureWarning: The feature names should match those that were passed during fit. Starting version 1.2, an error will be raised.
Feature names must be in the same order as they were in fit.

  warnings.warn(message, FutureWarning)

WARNING:py.warnings:C:\Users\michaelkeith\Anaconda3\lib\site-packages\sklearn\base.py:493: FutureWarning: The feature names should match those that were passed during fit. Starting version 1.2, an error will be raised.
Feature names must be in the same order as they were in fit.

  warnings.warn(message, FutureWarning)

WARNING:py.warnings:C:\Users\michaelkeith\Anaconda3\lib\site-packages\sklearn\base.py:493: FutureWarning: The feature names should match those that were passed during fit. Starting version 1.2, an error will be raised.
Feature names must be in the same order as they were in fit.

  warnings.warn(message, FutureWarning)

WARNING:py.warnings:C:\Users\michaelkeith\Anaconda3\lib\site-packages\sklearn\base.py:493: FutureWarning: The feature names should match those that were passed during fit. Starting version 1.2, an error will be raised.
Feature names must be in the same order as they were in fit.

  warnings.warn(message, FutureWarning)

WARNING:py.warnings:C:\Users\michaelkeith\Anaconda3\lib\site-packages\sklearn\base.py:493: FutureWarning: The feature names should match those that were passed during fit. Starting version 1.2, an error will be raised.
Feature names must be in the same order as they were in fit.

  warnings.warn(message, FutureWarning)

WARNING:py.warnings:C:\Users\michaelkeith\Anaconda3\lib\site-packages\sklearn\base.py:493: FutureWarning: The feature names should match those that were passed during fit. Starting version 1.2, an error will be raised.
Feature names must be in the same order as they were in fit.

  warnings.warn(message, FutureWarning)

WARNING:py.warnings:C:\Users\michaelkeith\Anaconda3\lib\site-packages\sklearn\base.py:493: FutureWarning: The feature names should match those that were passed during fit. Starting version 1.2, an error will be raised.
Feature names must be in the same order as they were in fit.

  warnings.warn(message, FutureWarning)

WARNING:py.warnings:C:\Users\michaelkeith\Anaconda3\lib\site-packages\sklearn\base.py:493: FutureWarning: The feature names should match those that were passed during fit. Starting version 1.2, an error will be raised.
Feature names must be in the same order as they were in fit.

  warnings.warn(message, FutureWarning)

WARNING:py.warnings:C:\Users\michaelkeith\Anaconda3\lib\site-packages\sklearn\base.py:493: FutureWarning: The feature names should match those that were passed during fit. Starting version 1.2, an error will be raised.
Feature names must be in the same order as they were in fit.

  warnings.warn(message, FutureWarning)

WARNING:py.warnings:C:\Users\michaelkeith\Anaconda3\lib\site-packages\sklearn\base.py:493: FutureWarning: The feature names should match those that were passed during fit. Starting version 1.2, an error will be raised.
Feature names must be in the same order as they were in fit.

  warnings.warn(message, FutureWarning)

WARNING:py.warnings:C:\Users\michaelkeith\Anaconda3\lib\site-packages\sklearn\base.py:493: FutureWarning: The feature names should match those that were passed during fit. Starting version 1.2, an error will be raised.
Feature names must be in the same order as they were in fit.

  warnings.warn(message, FutureWarning)

WARNING:py.warnings:C:\Users\michaelkeith\Anaconda3\lib\site-packages\sklearn\base.py:493: FutureWarning: The feature names should match those that were passed during fit. Starting version 1.2, an error will be raised.
Feature names must be in the same order as they were in fit.

  warnings.warn(message, FutureWarning)

WARNING:py.warnings:C:\Users\michaelkeith\Anaconda3\lib\site-packages\sklearn\base.py:493: FutureWarning: The feature names should match those that were passed during fit. Starting version 1.2, an error will be raised.
Feature names must be in the same order as they were in fit.

  warnings.warn(message, FutureWarning)

WARNING:py.warnings:C:\Users\michaelkeith\Anaconda3\lib\site-packages\sklearn\base.py:493: FutureWarning: The feature names should match those that were passed during fit. Starting version 1.2, an error will be raised.
Feature names must be in the same order as they were in fit.

  warnings.warn(message, FutureWarning)

WARNING:py.warnings:C:\Users\michaelkeith\Anaconda3\lib\site-packages\sklearn\base.py:493: FutureWarning: The feature names should match those that were passed during fit. Starting version 1.2, an error will be raised.
Feature names must be in the same order as they were in fit.

  warnings.warn(message, FutureWarning)

WARNING:py.warnings:C:\Users\michaelkeith\Anaconda3\lib\site-packages\sklearn\base.py:493: FutureWarning: The feature names should match those that were passed during fit. Starting version 1.2, an error will be raised.
Feature names must be in the same order as they were in fit.

  warnings.warn(message, FutureWarning)

WARNING:py.warnings:C:\Users\michaelkeith\Anaconda3\lib\site-packages\sklearn\base.py:493: FutureWarning: The feature names should match those that were passed during fit. Starting version 1.2, an error will be raised.
Feature names must be in the same order as they were in fit.

  warnings.warn(message, FutureWarning)

WARNING:py.warnings:C:\Users\michaelkeith\Anaconda3\lib\site-packages\sklearn\base.py:493: FutureWarning: The feature names should match those that were passed during fit. Starting version 1.2, an error will be raised.
Feature names must be in the same order as they were in fit.

  warnings.warn(message, FutureWarning)

WARNING:py.warnings:C:\Users\michaelkeith\Anaconda3\lib\site-packages\sklearn\base.py:493: FutureWarning: The feature names should match those that were passed during fit. Starting version 1.2, an error will be raised.
Feature names must be in the same order as they were in fit.

  warnings.warn(message, FutureWarning)

WARNING:py.warnings:C:\Users\michaelkeith\Anaconda3\lib\site-packages\sklearn\base.py:493: FutureWarning: The feature names should match those that were passed during fit. Starting version 1.2, an error will be raised.
Feature names must be in the same order as they were in fit.

  warnings.warn(message, FutureWarning)

WARNING:py.warnings:C:\Users\michaelkeith\Anaconda3\lib\site-packages\sklearn\base.py:493: FutureWarning: The feature names should match those that were passed during fit. Starting version 1.2, an error will be raised.
Feature names must be in the same order as they were in fit.

  warnings.warn(message, FutureWarning)

WARNING:py.warnings:C:\Users\michaelkeith\Anaconda3\lib\site-packages\sklearn\base.py:493: FutureWarning: The feature names should match those that were passed during fit. Starting version 1.2, an error will be raised.
Feature names must be in the same order as they were in fit.

  warnings.warn(message, FutureWarning)

WARNING:py.warnings:C:\Users\michaelkeith\Anaconda3\lib\site-packages\statsmodels\base\model.py:604: ConvergenceWarning: Maximum Likelihood optimization failed to converge. Check mle_retvals
  warnings.warn("Maximum Likelihood optimization failed to "

WARNING:py.warnings:C:\Users\michaelkeith\Anaconda3\lib\site-packages\statsmodels\base\model.py:604: ConvergenceWarning: Maximum Likelihood optimization failed to converge. Check mle_retvals
  warnings.warn("Maximum Likelihood optimization failed to "

WARNING:py.warnings:C:\Users\michaelkeith\Anaconda3\lib\site-packages\statsmodels\tsa\statespace\sarimax.py:966: UserWarning: Non-stationary starting autoregressive parameters found. Using zeros as starting parameters.
  warn('Non-stationary starting autoregressive parameters'

WARNING:py.warnings:C:\Users\michaelkeith\Anaconda3\lib\site-packages\statsmodels\tsa\statespace\sarimax.py:978: UserWarning: Non-invertible starting MA parameters found. Using zeros as starting parameters.
  warn('Non-invertible starting MA parameters found.'

WARNING:py.warnings:C:\Users\michaelkeith\Anaconda3\lib\site-packages\statsmodels\base\model.py:604: ConvergenceWarning: Maximum Likelihood optimization failed to converge. Check mle_retvals
  warnings.warn("Maximum Likelihood optimization failed to "

WARNING:root:warning: AR1 is not the correct length in the future_dates attribute and this can cause errors when forecasting. its length is 1 and future_dates length is 24
WARNING:root:warning: AR2 is not the correct length in the future_dates attribute and this can cause errors when forecasting. its length is 1 and future_dates length is 24
WARNING:root:warning: AR3 is not the correct length in the future_dates attribute and this can cause errors when forecasting. its length is 1 and future_dates length is 24
WARNING:root:warning: AR4 is not the correct length in the future_dates attribute and this can cause errors when forecasting. its length is 1 and future_dates length is 24
WARNING:root:warning: AR5 is not the correct length in the future_dates attribute and this can cause errors when forecasting. its length is 1 and future_dates length is 24
WARNING:root:warning: AR6 is not the correct length in the future_dates attribute and this can cause errors when forecasting. its length is 1 and future_dates length is 24
WARNING:root:warning: AR7 is not the correct length in the future_dates attribute and this can cause errors when forecasting. its length is 1 and future_dates length is 24
WARNING:root:warning: AR8 is not the correct length in the future_dates attribute and this can cause errors when forecasting. its length is 1 and future_dates length is 24
WARNING:root:warning: AR9 is not the correct length in the future_dates attribute and this can cause errors when forecasting. its length is 1 and future_dates length is 24
WARNING:root:warning: AR10 is not the correct length in the future_dates attribute and this can cause errors when forecasting. its length is 1 and future_dates length is 24
WARNING:root:warning: AR11 is not the correct length in the future_dates attribute and this can cause errors when forecasting. its length is 1 and future_dates length is 24
WARNING:root:warning: AR12 is not the correct length in the future_dates attribute and this can cause errors when forecasting. its length is 1 and future_dates length is 24
WARNING:root:warning: AR13 is not the correct length in the future_dates attribute and this can cause errors when forecasting. its length is 1 and future_dates length is 24
WARNING:root:warning: AR14 is not the correct length in the future_dates attribute and this can cause errors when forecasting. its length is 1 and future_dates length is 24
WARNING:root:warning: AR15 is not the correct length in the future_dates attribute and this can cause errors when forecasting. its length is 1 and future_dates length is 24
WARNING:root:warning: AR16 is not the correct length in the future_dates attribute and this can cause errors when forecasting. its length is 1 and future_dates length is 24
WARNING:root:warning: AR17 is not the correct length in the future_dates attribute and this can cause errors when forecasting. its length is 1 and future_dates length is 24
WARNING:root:warning: AR18 is not the correct length in the future_dates attribute and this can cause errors when forecasting. its length is 1 and future_dates length is 24
WARNING:root:warning: AR19 is not the correct length in the future_dates attribute and this can cause errors when forecasting. its length is 1 and future_dates length is 24
WARNING:root:warning: AR20 is not the correct length in the future_dates attribute and this can cause errors when forecasting. its length is 1 and future_dates length is 24
WARNING:root:warning: AR21 is not the correct length in the future_dates attribute and this can cause errors when forecasting. its length is 1 and future_dates length is 24
WARNING:root:warning: AR22 is not the correct length in the future_dates attribute and this can cause errors when forecasting. its length is 1 and future_dates length is 24
WARNING:root:warning: AR23 is not the correct length in the future_dates attribute and this can cause errors when forecasting. its length is 1 and future_dates length is 24
WARNING:root:warning: AR24 is not the correct length in the future_dates attribute and this can cause errors when forecasting. its length is 1 and future_dates length is 24
WARNING:root:warning: AR25 is not the correct length in the future_dates attribute and this can cause errors when forecasting. its length is 1 and future_dates length is 24
WARNING:root:warning: AR26 is not the correct length in the future_dates attribute and this can cause errors when forecasting. its length is 1 and future_dates length is 24
WARNING:root:warning: AR27 is not the correct length in the future_dates attribute and this can cause errors when forecasting. its length is 1 and future_dates length is 24
WARNING:root:warning: AR28 is not the correct length in the future_dates attribute and this can cause errors when forecasting. its length is 1 and future_dates length is 24
WARNING:root:warning: AR29 is not the correct length in the future_dates attribute and this can cause errors when forecasting. its length is 1 and future_dates length is 24
WARNING:root:warning: AR30 is not the correct length in the future_dates attribute and this can cause errors when forecasting. its length is 1 and future_dates length is 24
WARNING:root:warning: AR31 is not the correct length in the future_dates attribute and this can cause errors when forecasting. its length is 1 and future_dates length is 24
WARNING:root:warning: AR32 is not the correct length in the future_dates attribute and this can cause errors when forecasting. its length is 1 and future_dates length is 24
WARNING:root:warning: AR33 is not the correct length in the future_dates attribute and this can cause errors when forecasting. its length is 1 and future_dates length is 24
WARNING:root:warning: AR34 is not the correct length in the future_dates attribute and this can cause errors when forecasting. its length is 1 and future_dates length is 24
WARNING:root:warning: AR35 is not the correct length in the future_dates attribute and this can cause errors when forecasting. its length is 1 and future_dates length is 24
WARNING:root:warning: AR36 is not the correct length in the future_dates attribute and this can cause errors when forecasting. its length is 1 and future_dates length is 24
WARNING:root:warning: AR37 is not the correct length in the future_dates attribute and this can cause errors when forecasting. its length is 1 and future_dates length is 24
WARNING:root:warning: AR38 is not the correct length in the future_dates attribute and this can cause errors when forecasting. its length is 1 and future_dates length is 24
WARNING:root:warning: AR39 is not the correct length in the future_dates attribute and this can cause errors when forecasting. its length is 1 and future_dates length is 24
WARNING:root:warning: AR40 is not the correct length in the future_dates attribute and this can cause errors when forecasting. its length is 1 and future_dates length is 24
WARNING:root:warning: AR41 is not the correct length in the future_dates attribute and this can cause errors when forecasting. its length is 1 and future_dates length is 24
WARNING:root:warning: AR42 is not the correct length in the future_dates attribute and this can cause errors when forecasting. its length is 1 and future_dates length is 24
WARNING:root:warning: AR43 is not the correct length in the future_dates attribute and this can cause errors when forecasting. its length is 1 and future_dates length is 24
WARNING:root:warning: AR44 is not the correct length in the future_dates attribute and this can cause errors when forecasting. its length is 1 and future_dates length is 24
WARNING:root:warning: AR45 is not the correct length in the future_dates attribute and this can cause errors when forecasting. its length is 1 and future_dates length is 24
WARNING:root:warning: AR46 is not the correct length in the future_dates attribute and this can cause errors when forecasting. its length is 1 and future_dates length is 24
WARNING:root:warning: AR47 is not the correct length in the future_dates attribute and this can cause errors when forecasting. its length is 1 and future_dates length is 24
WARNING:root:warning: AR48 is not the correct length in the future_dates attribute and this can cause errors when forecasting. its length is 1 and future_dates length is 24
WARNING:py.warnings:C:\Users\michaelkeith\Anaconda3\lib\site-packages\sklearn\base.py:493: FutureWarning: The feature names should match those that were passed during fit. Starting version 1.2, an error will be raised.
Feature names must be in the same order as they were in fit.

  warnings.warn(message, FutureWarning)

WARNING:py.warnings:C:\Users\michaelkeith\Anaconda3\lib\site-packages\sklearn\base.py:493: FutureWarning: The feature names should match those that were passed during fit. Starting version 1.2, an error will be raised.
Feature names must be in the same order as they were in fit.

  warnings.warn(message, FutureWarning)

WARNING:py.warnings:C:\Users\michaelkeith\Anaconda3\lib\site-packages\sklearn\base.py:493: FutureWarning: The feature names should match those that were passed during fit. Starting version 1.2, an error will be raised.
Feature names must be in the same order as they were in fit.

  warnings.warn(message, FutureWarning)

WARNING:py.warnings:C:\Users\michaelkeith\Anaconda3\lib\site-packages\sklearn\base.py:493: FutureWarning: The feature names should match those that were passed during fit. Starting version 1.2, an error will be raised.
Feature names must be in the same order as they were in fit.

  warnings.warn(message, FutureWarning)

WARNING:py.warnings:C:\Users\michaelkeith\Anaconda3\lib\site-packages\sklearn\base.py:493: FutureWarning: The feature names should match those that were passed during fit. Starting version 1.2, an error will be raised.
Feature names must be in the same order as they were in fit.

  warnings.warn(message, FutureWarning)

WARNING:py.warnings:C:\Users\michaelkeith\Anaconda3\lib\site-packages\sklearn\base.py:493: FutureWarning: The feature names should match those that were passed during fit. Starting version 1.2, an error will be raised.
Feature names must be in the same order as they were in fit.

  warnings.warn(message, FutureWarning)

WARNING:py.warnings:C:\Users\michaelkeith\Anaconda3\lib\site-packages\sklearn\base.py:493: FutureWarning: The feature names should match those that were passed during fit. Starting version 1.2, an error will be raised.
Feature names must be in the same order as they were in fit.

  warnings.warn(message, FutureWarning)

WARNING:py.warnings:C:\Users\michaelkeith\Anaconda3\lib\site-packages\sklearn\base.py:493: FutureWarning: The feature names should match those that were passed during fit. Starting version 1.2, an error will be raised.
Feature names must be in the same order as they were in fit.

  warnings.warn(message, FutureWarning)

WARNING:py.warnings:C:\Users\michaelkeith\Anaconda3\lib\site-packages\sklearn\base.py:493: FutureWarning: The feature names should match those that were passed during fit. Starting version 1.2, an error will be raised.
Feature names must be in the same order as they were in fit.

  warnings.warn(message, FutureWarning)

WARNING:py.warnings:C:\Users\michaelkeith\Anaconda3\lib\site-packages\sklearn\base.py:493: FutureWarning: The feature names should match those that were passed during fit. Starting version 1.2, an error will be raised.
Feature names must be in the same order as they were in fit.

  warnings.warn(message, FutureWarning)

WARNING:py.warnings:C:\Users\michaelkeith\Anaconda3\lib\site-packages\sklearn\base.py:493: FutureWarning: The feature names should match those that were passed during fit. Starting version 1.2, an error will be raised.
Feature names must be in the same order as they were in fit.

  warnings.warn(message, FutureWarning)

WARNING:py.warnings:C:\Users\michaelkeith\Anaconda3\lib\site-packages\sklearn\base.py:493: FutureWarning: The feature names should match those that were passed during fit. Starting version 1.2, an error will be raised.
Feature names must be in the same order as they were in fit.

  warnings.warn(message, FutureWarning)

WARNING:py.warnings:C:\Users\michaelkeith\Anaconda3\lib\site-packages\sklearn\base.py:493: FutureWarning: The feature names should match those that were passed during fit. Starting version 1.2, an error will be raised.
Feature names must be in the same order as they were in fit.

  warnings.warn(message, FutureWarning)

WARNING:py.warnings:C:\Users\michaelkeith\Anaconda3\lib\site-packages\sklearn\base.py:493: FutureWarning: The feature names should match those that were passed during fit. Starting version 1.2, an error will be raised.
Feature names must be in the same order as they were in fit.

  warnings.warn(message, FutureWarning)

WARNING:py.warnings:C:\Users\michaelkeith\Anaconda3\lib\site-packages\sklearn\base.py:493: FutureWarning: The feature names should match those that were passed during fit. Starting version 1.2, an error will be raised.
Feature names must be in the same order as they were in fit.

  warnings.warn(message, FutureWarning)

WARNING:py.warnings:C:\Users\michaelkeith\Anaconda3\lib\site-packages\sklearn\base.py:493: FutureWarning: The feature names should match those that were passed during fit. Starting version 1.2, an error will be raised.
Feature names must be in the same order as they were in fit.

  warnings.warn(message, FutureWarning)

WARNING:py.warnings:C:\Users\michaelkeith\Anaconda3\lib\site-packages\sklearn\base.py:493: FutureWarning: The feature names should match those that were passed during fit. Starting version 1.2, an error will be raised.
Feature names must be in the same order as they were in fit.

  warnings.warn(message, FutureWarning)

WARNING:py.warnings:C:\Users\michaelkeith\Anaconda3\lib\site-packages\sklearn\base.py:493: FutureWarning: The feature names should match those that were passed during fit. Starting version 1.2, an error will be raised.
Feature names must be in the same order as they were in fit.

  warnings.warn(message, FutureWarning)

WARNING:py.warnings:C:\Users\michaelkeith\Anaconda3\lib\site-packages\sklearn\base.py:493: FutureWarning: The feature names should match those that were passed during fit. Starting version 1.2, an error will be raised.
Feature names must be in the same order as they were in fit.

  warnings.warn(message, FutureWarning)

WARNING:py.warnings:C:\Users\michaelkeith\Anaconda3\lib\site-packages\sklearn\base.py:493: FutureWarning: The feature names should match those that were passed during fit. Starting version 1.2, an error will be raised.
Feature names must be in the same order as they were in fit.

  warnings.warn(message, FutureWarning)

WARNING:py.warnings:C:\Users\michaelkeith\Anaconda3\lib\site-packages\sklearn\base.py:493: FutureWarning: The feature names should match those that were passed during fit. Starting version 1.2, an error will be raised.
Feature names must be in the same order as they were in fit.

  warnings.warn(message, FutureWarning)

WARNING:py.warnings:C:\Users\michaelkeith\Anaconda3\lib\site-packages\sklearn\base.py:493: FutureWarning: The feature names should match those that were passed during fit. Starting version 1.2, an error will be raised.
Feature names must be in the same order as they were in fit.

  warnings.warn(message, FutureWarning)

WARNING:py.warnings:C:\Users\michaelkeith\Anaconda3\lib\site-packages\sklearn\base.py:493: FutureWarning: The feature names should match those that were passed during fit. Starting version 1.2, an error will be raised.
Feature names must be in the same order as they were in fit.

  warnings.warn(message, FutureWarning)

WARNING:py.warnings:C:\Users\michaelkeith\Anaconda3\lib\site-packages\sklearn\base.py:493: FutureWarning: The feature names should match those that were passed during fit. Starting version 1.2, an error will be raised.
Feature names must be in the same order as they were in fit.

  warnings.warn(message, FutureWarning)

WARNING:py.warnings:C:\Users\michaelkeith\Anaconda3\lib\site-packages\statsmodels\graphics\tsaplots.py:348: FutureWarning: The default method 'yw' can produce PACF values outside of the [-1,1] interval. After 0.13, the default will change tounadjusted Yule-Walker ('ywm'). You can use this method now by setting method='ywm'.
  warnings.warn(

WARNING:root:warning: AR1 is not the correct length in the future_dates attribute and this can cause errors when forecasting. its length is 1 and future_dates length is 24
WARNING:root:warning: AR2 is not the correct length in the future_dates attribute and this can cause errors when forecasting. its length is 1 and future_dates length is 24
WARNING:root:warning: AR3 is not the correct length in the future_dates attribute and this can cause errors when forecasting. its length is 1 and future_dates length is 24
WARNING:root:warning: AR12 is not the correct length in the future_dates attribute and this can cause errors when forecasting. its length is 1 and future_dates length is 24
WARNING:root:warning: AR24 is not the correct length in the future_dates attribute and this can cause errors when forecasting. its length is 1 and future_dates length is 24
WARNING:root:warning: AR36 is not the correct length in the future_dates attribute and this can cause errors when forecasting. its length is 1 and future_dates length is 24
WARNING:py.warnings:C:\Users\michaelkeith\Anaconda3\lib\site-packages\statsmodels\base\model.py:604: ConvergenceWarning: Maximum Likelihood optimization failed to converge. Check mle_retvals
  warnings.warn("Maximum Likelihood optimization failed to "

WARNING:py.warnings:C:\Users\michaelkeith\Anaconda3\lib\site-packages\statsmodels\tsa\statespace\sarimax.py:966: UserWarning: Non-stationary starting autoregressive parameters found. Using zeros as starting parameters.
  warn('Non-stationary starting autoregressive parameters'

WARNING:py.warnings:C:\Users\michaelkeith\Anaconda3\lib\site-packages\statsmodels\tsa\statespace\sarimax.py:978: UserWarning: Non-invertible starting MA parameters found. Using zeros as starting parameters.
  warn('Non-invertible starting MA parameters found.'

WARNING:py.warnings:C:\Users\michaelkeith\Anaconda3\lib\site-packages\statsmodels\base\model.py:604: ConvergenceWarning: Maximum Likelihood optimization failed to converge. Check mle_retvals
  warnings.warn("Maximum Likelihood optimization failed to "

WARNING:py.warnings:C:\Users\michaelkeith\Anaconda3\lib\site-packages\sklearn\base.py:493: FutureWarning: The feature names should match those that were passed during fit. Starting version 1.2, an error will be raised.
Feature names must be in the same order as they were in fit.

  warnings.warn(message, FutureWarning)

WARNING:py.warnings:C:\Users\michaelkeith\Anaconda3\lib\site-packages\sklearn\base.py:493: FutureWarning: The feature names should match those that were passed during fit. Starting version 1.2, an error will be raised.
Feature names must be in the same order as they were in fit.

  warnings.warn(message, FutureWarning)

WARNING:py.warnings:C:\Users\michaelkeith\Anaconda3\lib\site-packages\sklearn\base.py:493: FutureWarning: The feature names should match those that were passed during fit. Starting version 1.2, an error will be raised.
Feature names must be in the same order as they were in fit.

  warnings.warn(message, FutureWarning)

WARNING:py.warnings:C:\Users\michaelkeith\Anaconda3\lib\site-packages\sklearn\base.py:493: FutureWarning: The feature names should match those that were passed during fit. Starting version 1.2, an error will be raised.
Feature names must be in the same order as they were in fit.

  warnings.warn(message, FutureWarning)

WARNING:py.warnings:C:\Users\michaelkeith\Anaconda3\lib\site-packages\sklearn\base.py:493: FutureWarning: The feature names should match those that were passed during fit. Starting version 1.2, an error will be raised.
Feature names must be in the same order as they were in fit.

  warnings.warn(message, FutureWarning)

WARNING:py.warnings:C:\Users\michaelkeith\Anaconda3\lib\site-packages\sklearn\base.py:493: FutureWarning: The feature names should match those that were passed during fit. Starting version 1.2, an error will be raised.
Feature names must be in the same order as they were in fit.

  warnings.warn(message, FutureWarning)

WARNING:py.warnings:C:\Users\michaelkeith\Anaconda3\lib\site-packages\sklearn\base.py:493: FutureWarning: The feature names should match those that were passed during fit. Starting version 1.2, an error will be raised.
Feature names must be in the same order as they were in fit.

  warnings.warn(message, FutureWarning)

WARNING:py.warnings:C:\Users\michaelkeith\Anaconda3\lib\site-packages\sklearn\base.py:493: FutureWarning: The feature names should match those that were passed during fit. Starting version 1.2, an error will be raised.
Feature names must be in the same order as they were in fit.

  warnings.warn(message, FutureWarning)

WARNING:py.warnings:C:\Users\michaelkeith\Anaconda3\lib\site-packages\sklearn\base.py:493: FutureWarning: The feature names should match those that were passed during fit. Starting version 1.2, an error will be raised.
Feature names must be in the same order as they were in fit.

  warnings.warn(message, FutureWarning)

WARNING:py.warnings:C:\Users\michaelkeith\Anaconda3\lib\site-packages\sklearn\base.py:493: FutureWarning: The feature names should match those that were passed during fit. Starting version 1.2, an error will be raised.
Feature names must be in the same order as they were in fit.

  warnings.warn(message, FutureWarning)

WARNING:py.warnings:C:\Users\michaelkeith\Anaconda3\lib\site-packages\sklearn\base.py:493: FutureWarning: The feature names should match those that were passed during fit. Starting version 1.2, an error will be raised.
Feature names must be in the same order as they were in fit.

  warnings.warn(message, FutureWarning)

WARNING:py.warnings:C:\Users\michaelkeith\Anaconda3\lib\site-packages\sklearn\base.py:493: FutureWarning: The feature names should match those that were passed during fit. Starting version 1.2, an error will be raised.
Feature names must be in the same order as they were in fit.

  warnings.warn(message, FutureWarning)

WARNING:py.warnings:C:\Users\michaelkeith\Anaconda3\lib\site-packages\sklearn\base.py:493: FutureWarning: The feature names should match those that were passed during fit. Starting version 1.2, an error will be raised.
Feature names must be in the same order as they were in fit.

  warnings.warn(message, FutureWarning)

WARNING:py.warnings:C:\Users\michaelkeith\Anaconda3\lib\site-packages\sklearn\base.py:493: FutureWarning: The feature names should match those that were passed during fit. Starting version 1.2, an error will be raised.
Feature names must be in the same order as they were in fit.

  warnings.warn(message, FutureWarning)

WARNING:py.warnings:C:\Users\michaelkeith\Anaconda3\lib\site-packages\sklearn\base.py:493: FutureWarning: The feature names should match those that were passed during fit. Starting version 1.2, an error will be raised.
Feature names must be in the same order as they were in fit.

  warnings.warn(message, FutureWarning)

WARNING:py.warnings:C:\Users\michaelkeith\Anaconda3\lib\site-packages\sklearn\base.py:493: FutureWarning: The feature names should match those that were passed during fit. Starting version 1.2, an error will be raised.
Feature names must be in the same order as they were in fit.

  warnings.warn(message, FutureWarning)

WARNING:py.warnings:C:\Users\michaelkeith\Anaconda3\lib\site-packages\sklearn\base.py:493: FutureWarning: The feature names should match those that were passed during fit. Starting version 1.2, an error will be raised.
Feature names must be in the same order as they were in fit.

  warnings.warn(message, FutureWarning)

WARNING:py.warnings:C:\Users\michaelkeith\Anaconda3\lib\site-packages\sklearn\base.py:493: FutureWarning: The feature names should match those that were passed during fit. Starting version 1.2, an error will be raised.
Feature names must be in the same order as they were in fit.

  warnings.warn(message, FutureWarning)

WARNING:py.warnings:C:\Users\michaelkeith\Anaconda3\lib\site-packages\sklearn\base.py:493: FutureWarning: The feature names should match those that were passed during fit. Starting version 1.2, an error will be raised.
Feature names must be in the same order as they were in fit.

  warnings.warn(message, FutureWarning)

WARNING:py.warnings:C:\Users\michaelkeith\Anaconda3\lib\site-packages\sklearn\base.py:493: FutureWarning: The feature names should match those that were passed during fit. Starting version 1.2, an error will be raised.
Feature names must be in the same order as they were in fit.

  warnings.warn(message, FutureWarning)

WARNING:py.warnings:C:\Users\michaelkeith\Anaconda3\lib\site-packages\sklearn\base.py:493: FutureWarning: The feature names should match those that were passed during fit. Starting version 1.2, an error will be raised.
Feature names must be in the same order as they were in fit.

  warnings.warn(message, FutureWarning)

WARNING:py.warnings:C:\Users\michaelkeith\Anaconda3\lib\site-packages\sklearn\base.py:493: FutureWarning: The feature names should match those that were passed during fit. Starting version 1.2, an error will be raised.
Feature names must be in the same order as they were in fit.

  warnings.warn(message, FutureWarning)

WARNING:py.warnings:C:\Users\michaelkeith\Anaconda3\lib\site-packages\sklearn\base.py:493: FutureWarning: The feature names should match those that were passed during fit. Starting version 1.2, an error will be raised.
Feature names must be in the same order as they were in fit.

  warnings.warn(message, FutureWarning)

WARNING:py.warnings:C:\Users\michaelkeith\Anaconda3\lib\site-packages\sklearn\base.py:493: FutureWarning: The feature names should match those that were passed during fit. Starting version 1.2, an error will be raised.
Feature names must be in the same order as they were in fit.

  warnings.warn(message, FutureWarning)

WARNING:py.warnings:C:\Users\michaelkeith\Anaconda3\lib\site-packages\statsmodels\graphics\tsaplots.py:348: FutureWarning: The default method 'yw' can produce PACF values outside of the [-1,1] interval. After 0.13, the default will change tounadjusted Yule-Walker ('ywm'). You can use this method now by setting method='ywm'.
  warnings.warn(

WARNING:root:warning: AR1 is not the correct length in the future_dates attribute and this can cause errors when forecasting. its length is 1 and future_dates length is 24
WARNING:root:warning: AR2 is not the correct length in the future_dates attribute and this can cause errors when forecasting. its length is 1 and future_dates length is 24
WARNING:root:warning: AR3 is not the correct length in the future_dates attribute and this can cause errors when forecasting. its length is 1 and future_dates length is 24
WARNING:root:warning: AR12 is not the correct length in the future_dates attribute and this can cause errors when forecasting. its length is 1 and future_dates length is 24
WARNING:root:warning: AR24 is not the correct length in the future_dates attribute and this can cause errors when forecasting. its length is 1 and future_dates length is 24
WARNING:root:warning: AR36 is not the correct length in the future_dates attribute and this can cause errors when forecasting. its length is 1 and future_dates length is 24
WARNING:py.warnings:C:\Users\michaelkeith\Anaconda3\lib\site-packages\statsmodels\base\model.py:604: ConvergenceWarning: Maximum Likelihood optimization failed to converge. Check mle_retvals
  warnings.warn("Maximum Likelihood optimization failed to "

WARNING:py.warnings:C:\Users\michaelkeith\Anaconda3\lib\site-packages\statsmodels\tsa\statespace\sarimax.py:966: UserWarning: Non-stationary starting autoregressive parameters found. Using zeros as starting parameters.
  warn('Non-stationary starting autoregressive parameters'

WARNING:py.warnings:C:\Users\michaelkeith\Anaconda3\lib\site-packages\statsmodels\tsa\statespace\sarimax.py:978: UserWarning: Non-invertible starting MA parameters found. Using zeros as starting parameters.
  warn('Non-invertible starting MA parameters found.'

WARNING:py.warnings:C:\Users\michaelkeith\Anaconda3\lib\site-packages\statsmodels\base\model.py:604: ConvergenceWarning: Maximum Likelihood optimization failed to converge. Check mle_retvals
  warnings.warn("Maximum Likelihood optimization failed to "

WARNING:py.warnings:C:\Users\michaelkeith\Anaconda3\lib\site-packages\sklearn\base.py:493: FutureWarning: The feature names should match those that were passed during fit. Starting version 1.2, an error will be raised.
Feature names must be in the same order as they were in fit.

  warnings.warn(message, FutureWarning)

WARNING:py.warnings:C:\Users\michaelkeith\Anaconda3\lib\site-packages\sklearn\base.py:493: FutureWarning: The feature names should match those that were passed during fit. Starting version 1.2, an error will be raised.
Feature names must be in the same order as they were in fit.

  warnings.warn(message, FutureWarning)

WARNING:py.warnings:C:\Users\michaelkeith\Anaconda3\lib\site-packages\sklearn\base.py:493: FutureWarning: The feature names should match those that were passed during fit. Starting version 1.2, an error will be raised.
Feature names must be in the same order as they were in fit.

  warnings.warn(message, FutureWarning)

WARNING:py.warnings:C:\Users\michaelkeith\Anaconda3\lib\site-packages\sklearn\base.py:493: FutureWarning: The feature names should match those that were passed during fit. Starting version 1.2, an error will be raised.
Feature names must be in the same order as they were in fit.

  warnings.warn(message, FutureWarning)

WARNING:py.warnings:C:\Users\michaelkeith\Anaconda3\lib\site-packages\sklearn\base.py:493: FutureWarning: The feature names should match those that were passed during fit. Starting version 1.2, an error will be raised.
Feature names must be in the same order as they were in fit.

  warnings.warn(message, FutureWarning)

WARNING:py.warnings:C:\Users\michaelkeith\Anaconda3\lib\site-packages\sklearn\base.py:493: FutureWarning: The feature names should match those that were passed during fit. Starting version 1.2, an error will be raised.
Feature names must be in the same order as they were in fit.

  warnings.warn(message, FutureWarning)

WARNING:py.warnings:C:\Users\michaelkeith\Anaconda3\lib\site-packages\sklearn\base.py:493: FutureWarning: The feature names should match those that were passed during fit. Starting version 1.2, an error will be raised.
Feature names must be in the same order as they were in fit.

  warnings.warn(message, FutureWarning)

WARNING:py.warnings:C:\Users\michaelkeith\Anaconda3\lib\site-packages\sklearn\base.py:493: FutureWarning: The feature names should match those that were passed during fit. Starting version 1.2, an error will be raised.
Feature names must be in the same order as they were in fit.

  warnings.warn(message, FutureWarning)

WARNING:py.warnings:C:\Users\michaelkeith\Anaconda3\lib\site-packages\sklearn\base.py:493: FutureWarning: The feature names should match those that were passed during fit. Starting version 1.2, an error will be raised.
Feature names must be in the same order as they were in fit.

  warnings.warn(message, FutureWarning)

WARNING:py.warnings:C:\Users\michaelkeith\Anaconda3\lib\site-packages\sklearn\base.py:493: FutureWarning: The feature names should match those that were passed during fit. Starting version 1.2, an error will be raised.
Feature names must be in the same order as they were in fit.

  warnings.warn(message, FutureWarning)

WARNING:py.warnings:C:\Users\michaelkeith\Anaconda3\lib\site-packages\sklearn\base.py:493: FutureWarning: The feature names should match those that were passed during fit. Starting version 1.2, an error will be raised.
Feature names must be in the same order as they were in fit.

  warnings.warn(message, FutureWarning)

WARNING:py.warnings:C:\Users\michaelkeith\Anaconda3\lib\site-packages\sklearn\base.py:493: FutureWarning: The feature names should match those that were passed during fit. Starting version 1.2, an error will be raised.
Feature names must be in the same order as they were in fit.

  warnings.warn(message, FutureWarning)

WARNING:py.warnings:C:\Users\michaelkeith\Anaconda3\lib\site-packages\sklearn\base.py:493: FutureWarning: The feature names should match those that were passed during fit. Starting version 1.2, an error will be raised.
Feature names must be in the same order as they were in fit.

  warnings.warn(message, FutureWarning)

WARNING:py.warnings:C:\Users\michaelkeith\Anaconda3\lib\site-packages\sklearn\base.py:493: FutureWarning: The feature names should match those that were passed during fit. Starting version 1.2, an error will be raised.
Feature names must be in the same order as they were in fit.

  warnings.warn(message, FutureWarning)

WARNING:py.warnings:C:\Users\michaelkeith\Anaconda3\lib\site-packages\sklearn\base.py:493: FutureWarning: The feature names should match those that were passed during fit. Starting version 1.2, an error will be raised.
Feature names must be in the same order as they were in fit.

  warnings.warn(message, FutureWarning)

WARNING:py.warnings:C:\Users\michaelkeith\Anaconda3\lib\site-packages\sklearn\base.py:493: FutureWarning: The feature names should match those that were passed during fit. Starting version 1.2, an error will be raised.
Feature names must be in the same order as they were in fit.

  warnings.warn(message, FutureWarning)

WARNING:py.warnings:C:\Users\michaelkeith\Anaconda3\lib\site-packages\sklearn\base.py:493: FutureWarning: The feature names should match those that were passed during fit. Starting version 1.2, an error will be raised.
Feature names must be in the same order as they were in fit.

  warnings.warn(message, FutureWarning)

WARNING:py.warnings:C:\Users\michaelkeith\Anaconda3\lib\site-packages\sklearn\base.py:493: FutureWarning: The feature names should match those that were passed during fit. Starting version 1.2, an error will be raised.
Feature names must be in the same order as they were in fit.

  warnings.warn(message, FutureWarning)

WARNING:py.warnings:C:\Users\michaelkeith\Anaconda3\lib\site-packages\sklearn\base.py:493: FutureWarning: The feature names should match those that were passed during fit. Starting version 1.2, an error will be raised.
Feature names must be in the same order as they were in fit.

  warnings.warn(message, FutureWarning)

WARNING:py.warnings:C:\Users\michaelkeith\Anaconda3\lib\site-packages\sklearn\base.py:493: FutureWarning: The feature names should match those that were passed during fit. Starting version 1.2, an error will be raised.
Feature names must be in the same order as they were in fit.

  warnings.warn(message, FutureWarning)

WARNING:py.warnings:C:\Users\michaelkeith\Anaconda3\lib\site-packages\sklearn\base.py:493: FutureWarning: The feature names should match those that were passed during fit. Starting version 1.2, an error will be raised.
Feature names must be in the same order as they were in fit.

  warnings.warn(message, FutureWarning)

WARNING:py.warnings:C:\Users\michaelkeith\Anaconda3\lib\site-packages\sklearn\base.py:493: FutureWarning: The feature names should match those that were passed during fit. Starting version 1.2, an error will be raised.
Feature names must be in the same order as they were in fit.

  warnings.warn(message, FutureWarning)

WARNING:py.warnings:C:\Users\michaelkeith\Anaconda3\lib\site-packages\sklearn\base.py:493: FutureWarning: The feature names should match those that were passed during fit. Starting version 1.2, an error will be raised.
Feature names must be in the same order as they were in fit.

  warnings.warn(message, FutureWarning)

WARNING:py.warnings:C:\Users\michaelkeith\Anaconda3\lib\site-packages\sklearn\base.py:493: FutureWarning: The feature names should match those that were passed during fit. Starting version 1.2, an error will be raised.
Feature names must be in the same order as they were in fit.

  warnings.warn(message, FutureWarning)

WARNING:py.warnings:C:\Users\michaelkeith\Anaconda3\lib\site-packages\statsmodels\base\model.py:604: ConvergenceWarning: Maximum Likelihood optimization failed to converge. Check mle_retvals
  warnings.warn("Maximum Likelihood optimization failed to "

WARNING:py.warnings:C:\Users\michaelkeith\Anaconda3\lib\site-packages\statsmodels\tsa\statespace\sarimax.py:966: UserWarning: Non-stationary starting autoregressive parameters found. Using zeros as starting parameters.
  warn('Non-stationary starting autoregressive parameters'

WARNING:py.warnings:C:\Users\michaelkeith\Anaconda3\lib\site-packages\statsmodels\tsa\statespace\sarimax.py:978: UserWarning: Non-invertible starting MA parameters found. Using zeros as starting parameters.
  warn('Non-invertible starting MA parameters found.'

WARNING:py.warnings:C:\Users\michaelkeith\Anaconda3\lib\site-packages\statsmodels\base\model.py:604: ConvergenceWarning: Maximum Likelihood optimization failed to converge. Check mle_retvals
  warnings.warn("Maximum Likelihood optimization failed to "

