WARNING:root:could not evaluate the paramaters: {'theta': 0.5, 'model_mode': <ModelMode.ADDITIVE: 'additive'>, 'season_mode': <SeasonalityMode.MULTIPLICATIVE: 'multiplicative'>, 'trend_mode': <TrendMode.EXPONENTIAL: 'exponential'>}. error: Multiplicative seasonality is not appropriate for zero and negative values
WARNING:darts.models.forecasting.theta:Time series has negative values. Fallback to additive and linear model
WARNING:py.warnings:C:\Users\michaelkeith\AppData\Roaming\Python\Python38\site-packages\statsmodels\tsa\holtwinters\model.py:427: FutureWarning:

After 0.13 initialization must be handled at model creation


WARNING:darts.models.forecasting.theta:Time series has negative values. Fallback to additive and linear model
WARNING:py.warnings:C:\Users\michaelkeith\AppData\Roaming\Python\Python38\site-packages\statsmodels\tsa\holtwinters\model.py:427: FutureWarning:

After 0.13 initialization must be handled at model creation


WARNING:root:could not evaluate the paramaters: {'theta': 0.5, 'model_mode': <ModelMode.MULTIPLICATIVE: 'multiplicative'>, 'season_mode': <SeasonalityMode.MULTIPLICATIVE: 'multiplicative'>, 'trend_mode': <TrendMode.EXPONENTIAL: 'exponential'>}. error: Multiplicative seasonality is not appropriate for zero and negative values
WARNING:darts.models.forecasting.theta:Time series has negative values. Fallback to additive and linear model
WARNING:py.warnings:C:\Users\michaelkeith\AppData\Roaming\Python\Python38\site-packages\statsmodels\tsa\holtwinters\model.py:427: FutureWarning:

After 0.13 initialization must be handled at model creation


WARNING:darts.models.forecasting.theta:Time series has negative values. Fallback to additive and linear model
WARNING:py.warnings:C:\Users\michaelkeith\AppData\Roaming\Python\Python38\site-packages\statsmodels\tsa\holtwinters\model.py:427: FutureWarning:

After 0.13 initialization must be handled at model creation


WARNING:root:could not evaluate the paramaters: {'theta': 1.0, 'model_mode': <ModelMode.ADDITIVE: 'additive'>, 'season_mode': <SeasonalityMode.MULTIPLICATIVE: 'multiplicative'>, 'trend_mode': <TrendMode.EXPONENTIAL: 'exponential'>}. error: Multiplicative seasonality is not appropriate for zero and negative values
WARNING:darts.models.forecasting.theta:Time series has negative values. Fallback to additive and linear model
WARNING:py.warnings:C:\Users\michaelkeith\AppData\Roaming\Python\Python38\site-packages\statsmodels\tsa\holtwinters\model.py:427: FutureWarning:

After 0.13 initialization must be handled at model creation


WARNING:darts.models.forecasting.theta:Time series has negative values. Fallback to additive and linear model
WARNING:py.warnings:C:\Users\michaelkeith\AppData\Roaming\Python\Python38\site-packages\statsmodels\tsa\holtwinters\model.py:427: FutureWarning:

After 0.13 initialization must be handled at model creation


WARNING:root:could not evaluate the paramaters: {'theta': 1.0, 'model_mode': <ModelMode.MULTIPLICATIVE: 'multiplicative'>, 'season_mode': <SeasonalityMode.MULTIPLICATIVE: 'multiplicative'>, 'trend_mode': <TrendMode.EXPONENTIAL: 'exponential'>}. error: Multiplicative seasonality is not appropriate for zero and negative values
WARNING:darts.models.forecasting.theta:Time series has negative values. Fallback to additive and linear model
WARNING:py.warnings:C:\Users\michaelkeith\AppData\Roaming\Python\Python38\site-packages\statsmodels\tsa\holtwinters\model.py:427: FutureWarning:

After 0.13 initialization must be handled at model creation


WARNING:darts.models.forecasting.theta:Time series has negative values. Fallback to additive and linear model
WARNING:py.warnings:C:\Users\michaelkeith\AppData\Roaming\Python\Python38\site-packages\statsmodels\tsa\holtwinters\model.py:427: FutureWarning:

After 0.13 initialization must be handled at model creation


WARNING:root:could not evaluate the paramaters: {'theta': 1.5, 'model_mode': <ModelMode.ADDITIVE: 'additive'>, 'season_mode': <SeasonalityMode.MULTIPLICATIVE: 'multiplicative'>, 'trend_mode': <TrendMode.EXPONENTIAL: 'exponential'>}. error: Multiplicative seasonality is not appropriate for zero and negative values
WARNING:darts.models.forecasting.theta:Time series has negative values. Fallback to additive and linear model
WARNING:py.warnings:C:\Users\michaelkeith\AppData\Roaming\Python\Python38\site-packages\statsmodels\tsa\holtwinters\model.py:427: FutureWarning:

After 0.13 initialization must be handled at model creation


WARNING:darts.models.forecasting.theta:Time series has negative values. Fallback to additive and linear model
WARNING:py.warnings:C:\Users\michaelkeith\AppData\Roaming\Python\Python38\site-packages\statsmodels\tsa\holtwinters\model.py:427: FutureWarning:

After 0.13 initialization must be handled at model creation


WARNING:root:could not evaluate the paramaters: {'theta': 1.5, 'model_mode': <ModelMode.MULTIPLICATIVE: 'multiplicative'>, 'season_mode': <SeasonalityMode.MULTIPLICATIVE: 'multiplicative'>, 'trend_mode': <TrendMode.EXPONENTIAL: 'exponential'>}. error: Multiplicative seasonality is not appropriate for zero and negative values
WARNING:darts.models.forecasting.theta:Time series has negative values. Fallback to additive and linear model
WARNING:py.warnings:C:\Users\michaelkeith\AppData\Roaming\Python\Python38\site-packages\statsmodels\tsa\holtwinters\model.py:427: FutureWarning:

After 0.13 initialization must be handled at model creation


WARNING:darts.models.forecasting.theta:Time series has negative values. Fallback to additive and linear model
WARNING:py.warnings:C:\Users\michaelkeith\AppData\Roaming\Python\Python38\site-packages\statsmodels\tsa\holtwinters\model.py:427: FutureWarning:

After 0.13 initialization must be handled at model creation


WARNING:root:could not evaluate the paramaters: {'theta': 2.0, 'model_mode': <ModelMode.ADDITIVE: 'additive'>, 'season_mode': <SeasonalityMode.MULTIPLICATIVE: 'multiplicative'>, 'trend_mode': <TrendMode.EXPONENTIAL: 'exponential'>}. error: Multiplicative seasonality is not appropriate for zero and negative values
WARNING:darts.models.forecasting.theta:Time series has negative values. Fallback to additive and linear model
WARNING:py.warnings:C:\Users\michaelkeith\AppData\Roaming\Python\Python38\site-packages\statsmodels\tsa\holtwinters\model.py:427: FutureWarning:

After 0.13 initialization must be handled at model creation


WARNING:darts.models.forecasting.theta:Time series has negative values. Fallback to additive and linear model
WARNING:py.warnings:C:\Users\michaelkeith\AppData\Roaming\Python\Python38\site-packages\statsmodels\tsa\holtwinters\model.py:427: FutureWarning:

After 0.13 initialization must be handled at model creation


WARNING:root:could not evaluate the paramaters: {'theta': 2.0, 'model_mode': <ModelMode.MULTIPLICATIVE: 'multiplicative'>, 'season_mode': <SeasonalityMode.MULTIPLICATIVE: 'multiplicative'>, 'trend_mode': <TrendMode.EXPONENTIAL: 'exponential'>}. error: Multiplicative seasonality is not appropriate for zero and negative values
WARNING:darts.models.forecasting.theta:Time series has negative values. Fallback to additive and linear model
WARNING:py.warnings:C:\Users\michaelkeith\AppData\Roaming\Python\Python38\site-packages\statsmodels\tsa\holtwinters\model.py:427: FutureWarning:

After 0.13 initialization must be handled at model creation


WARNING:darts.models.forecasting.theta:Time series has negative values. Fallback to additive and linear model
WARNING:py.warnings:C:\Users\michaelkeith\AppData\Roaming\Python\Python38\site-packages\statsmodels\tsa\holtwinters\model.py:427: FutureWarning:

After 0.13 initialization must be handled at model creation


WARNING:root:could not evaluate the paramaters: {'theta': 2.5, 'model_mode': <ModelMode.ADDITIVE: 'additive'>, 'season_mode': <SeasonalityMode.MULTIPLICATIVE: 'multiplicative'>, 'trend_mode': <TrendMode.EXPONENTIAL: 'exponential'>}. error: Multiplicative seasonality is not appropriate for zero and negative values
WARNING:darts.models.forecasting.theta:Time series has negative values. Fallback to additive and linear model
WARNING:py.warnings:C:\Users\michaelkeith\AppData\Roaming\Python\Python38\site-packages\statsmodels\tsa\holtwinters\model.py:427: FutureWarning:

After 0.13 initialization must be handled at model creation


WARNING:darts.models.forecasting.theta:Time series has negative values. Fallback to additive and linear model
WARNING:py.warnings:C:\Users\michaelkeith\AppData\Roaming\Python\Python38\site-packages\statsmodels\tsa\holtwinters\model.py:427: FutureWarning:

After 0.13 initialization must be handled at model creation


WARNING:root:could not evaluate the paramaters: {'theta': 2.5, 'model_mode': <ModelMode.MULTIPLICATIVE: 'multiplicative'>, 'season_mode': <SeasonalityMode.MULTIPLICATIVE: 'multiplicative'>, 'trend_mode': <TrendMode.EXPONENTIAL: 'exponential'>}. error: Multiplicative seasonality is not appropriate for zero and negative values
WARNING:darts.models.forecasting.theta:Time series has negative values. Fallback to additive and linear model
WARNING:py.warnings:C:\Users\michaelkeith\AppData\Roaming\Python\Python38\site-packages\statsmodels\tsa\holtwinters\model.py:427: FutureWarning:

After 0.13 initialization must be handled at model creation


WARNING:darts.models.forecasting.theta:Time series has negative values. Fallback to additive and linear model
WARNING:py.warnings:C:\Users\michaelkeith\AppData\Roaming\Python\Python38\site-packages\statsmodels\tsa\holtwinters\model.py:427: FutureWarning:

After 0.13 initialization must be handled at model creation


WARNING:root:could not evaluate the paramaters: {'theta': 3.0, 'model_mode': <ModelMode.ADDITIVE: 'additive'>, 'season_mode': <SeasonalityMode.MULTIPLICATIVE: 'multiplicative'>, 'trend_mode': <TrendMode.EXPONENTIAL: 'exponential'>}. error: Multiplicative seasonality is not appropriate for zero and negative values
WARNING:darts.models.forecasting.theta:Time series has negative values. Fallback to additive and linear model
WARNING:py.warnings:C:\Users\michaelkeith\AppData\Roaming\Python\Python38\site-packages\statsmodels\tsa\holtwinters\model.py:427: FutureWarning:

After 0.13 initialization must be handled at model creation


WARNING:darts.models.forecasting.theta:Time series has negative values. Fallback to additive and linear model
WARNING:py.warnings:C:\Users\michaelkeith\AppData\Roaming\Python\Python38\site-packages\statsmodels\tsa\holtwinters\model.py:427: FutureWarning:

After 0.13 initialization must be handled at model creation


WARNING:root:could not evaluate the paramaters: {'theta': 3.0, 'model_mode': <ModelMode.MULTIPLICATIVE: 'multiplicative'>, 'season_mode': <SeasonalityMode.MULTIPLICATIVE: 'multiplicative'>, 'trend_mode': <TrendMode.EXPONENTIAL: 'exponential'>}. error: Multiplicative seasonality is not appropriate for zero and negative values
WARNING:darts.models.forecasting.theta:Time series has negative values. Fallback to additive and linear model
WARNING:py.warnings:C:\Users\michaelkeith\AppData\Roaming\Python\Python38\site-packages\statsmodels\tsa\holtwinters\model.py:427: FutureWarning:

After 0.13 initialization must be handled at model creation


WARNING:darts.models.forecasting.theta:Time series has negative values. Fallback to additive and linear model
WARNING:py.warnings:C:\Users\michaelkeith\AppData\Roaming\Python\Python38\site-packages\statsmodels\tsa\holtwinters\model.py:427: FutureWarning:

After 0.13 initialization must be handled at model creation


WARNING:root:could not evaluate the paramaters: {'theta': 3.0, 'model_mode': <ModelMode.MULTIPLICATIVE: 'multiplicative'>, 'season_mode': <SeasonalityMode.ADDITIVE: 'additive'>, 'trend_mode': <TrendMode.LINEAR: 'linear'>}. error: list index out of range
WARNING:root:could not evaluate the paramaters: {'theta': 3.0, 'model_mode': <ModelMode.MULTIPLICATIVE: 'multiplicative'>, 'season_mode': <SeasonalityMode.ADDITIVE: 'additive'>, 'trend_mode': <TrendMode.LINEAR: 'linear'>}. error: list index out of range
WARNING:root:could not evaluate the paramaters: {'theta': 3.0, 'model_mode': <ModelMode.MULTIPLICATIVE: 'multiplicative'>, 'season_mode': <SeasonalityMode.ADDITIVE: 'additive'>, 'trend_mode': <TrendMode.LINEAR: 'linear'>}. error: list index out of range
WARNING:root:could not evaluate the paramaters: {'theta': 3.0, 'model_mode': <ModelMode.MULTIPLICATIVE: 'multiplicative'>, 'season_mode': <SeasonalityMode.ADDITIVE: 'additive'>, 'trend_mode': <TrendMode.LINEAR: 'linear'>}. error: list index out of range
WARNING:root:could not evaluate the paramaters: {'theta': 3.0, 'model_mode': <ModelMode.MULTIPLICATIVE: 'multiplicative'>, 'season_mode': <SeasonalityMode.ADDITIVE: 'additive'>, 'trend_mode': <TrendMode.LINEAR: 'linear'>}. error: list index out of range
WARNING:root:could not evaluate the paramaters: {'theta': 3.0, 'model_mode': <ModelMode.MULTIPLICATIVE: 'multiplicative'>, 'season_mode': <SeasonalityMode.ADDITIVE: 'additive'>, 'trend_mode': <TrendMode.LINEAR: 'linear'>}. error: list index out of range
WARNING:root:could not evaluate the paramaters: {'theta': 3.0, 'model_mode': <ModelMode.MULTIPLICATIVE: 'multiplicative'>, 'season_mode': <SeasonalityMode.ADDITIVE: 'additive'>, 'trend_mode': <TrendMode.LINEAR: 'linear'>}. error: list index out of range
WARNING:root:could not evaluate the paramaters: {'theta': 3.0, 'model_mode': <ModelMode.MULTIPLICATIVE: 'multiplicative'>, 'season_mode': <SeasonalityMode.ADDITIVE: 'additive'>, 'trend_mode': <TrendMode.LINEAR: 'linear'>}. error: list index out of range
WARNING:root:could not evaluate the paramaters: {'theta': 3.0, 'model_mode': <ModelMode.MULTIPLICATIVE: 'multiplicative'>, 'season_mode': <SeasonalityMode.ADDITIVE: 'additive'>, 'trend_mode': <TrendMode.LINEAR: 'linear'>}. error: list index out of range
WARNING:root:could not evaluate the paramaters: {'theta': 3.0, 'model_mode': <ModelMode.MULTIPLICATIVE: 'multiplicative'>, 'season_mode': <SeasonalityMode.ADDITIVE: 'additive'>, 'trend_mode': <TrendMode.LINEAR: 'linear'>}. error: list index out of range
WARNING:root:could not evaluate the paramaters: {'theta': 3.0, 'model_mode': <ModelMode.MULTIPLICATIVE: 'multiplicative'>, 'season_mode': <SeasonalityMode.ADDITIVE: 'additive'>, 'trend_mode': <TrendMode.LINEAR: 'linear'>}. error: list index out of range
WARNING:root:could not evaluate the paramaters: {'theta': 3.0, 'model_mode': <ModelMode.MULTIPLICATIVE: 'multiplicative'>, 'season_mode': <SeasonalityMode.ADDITIVE: 'additive'>, 'trend_mode': <TrendMode.LINEAR: 'linear'>}. error: list index out of range
WARNING:root:could not evaluate the paramaters: {'theta': 0.5, 'model_mode': <ModelMode.ADDITIVE: 'additive'>, 'season_mode': <SeasonalityMode.MULTIPLICATIVE: 'multiplicative'>, 'trend_mode': <TrendMode.EXPONENTIAL: 'exponential'>}. error: Multiplicative seasonality is not appropriate for zero and negative values
WARNING:darts.models.forecasting.theta:Time series has negative values. Fallback to additive and linear model
WARNING:py.warnings:C:\Users\michaelkeith\AppData\Roaming\Python\Python38\site-packages\statsmodels\tsa\holtwinters\model.py:427: FutureWarning:

After 0.13 initialization must be handled at model creation


WARNING:darts.models.forecasting.theta:Time series has negative values. Fallback to additive and linear model
WARNING:py.warnings:C:\Users\michaelkeith\AppData\Roaming\Python\Python38\site-packages\statsmodels\tsa\holtwinters\model.py:427: FutureWarning:

After 0.13 initialization must be handled at model creation


WARNING:root:could not evaluate the paramaters: {'theta': 0.5, 'model_mode': <ModelMode.MULTIPLICATIVE: 'multiplicative'>, 'season_mode': <SeasonalityMode.MULTIPLICATIVE: 'multiplicative'>, 'trend_mode': <TrendMode.EXPONENTIAL: 'exponential'>}. error: Multiplicative seasonality is not appropriate for zero and negative values
WARNING:darts.models.forecasting.theta:Time series has negative values. Fallback to additive and linear model
WARNING:py.warnings:C:\Users\michaelkeith\AppData\Roaming\Python\Python38\site-packages\statsmodels\tsa\holtwinters\model.py:427: FutureWarning:

After 0.13 initialization must be handled at model creation


WARNING:darts.models.forecasting.theta:Time series has negative values. Fallback to additive and linear model
WARNING:py.warnings:C:\Users\michaelkeith\AppData\Roaming\Python\Python38\site-packages\statsmodels\tsa\holtwinters\model.py:427: FutureWarning:

After 0.13 initialization must be handled at model creation


WARNING:root:could not evaluate the paramaters: {'theta': 1.0, 'model_mode': <ModelMode.ADDITIVE: 'additive'>, 'season_mode': <SeasonalityMode.MULTIPLICATIVE: 'multiplicative'>, 'trend_mode': <TrendMode.EXPONENTIAL: 'exponential'>}. error: Multiplicative seasonality is not appropriate for zero and negative values
WARNING:darts.models.forecasting.theta:Time series has negative values. Fallback to additive and linear model
WARNING:py.warnings:C:\Users\michaelkeith\AppData\Roaming\Python\Python38\site-packages\statsmodels\tsa\holtwinters\model.py:427: FutureWarning:

After 0.13 initialization must be handled at model creation


WARNING:darts.models.forecasting.theta:Time series has negative values. Fallback to additive and linear model
WARNING:py.warnings:C:\Users\michaelkeith\AppData\Roaming\Python\Python38\site-packages\statsmodels\tsa\holtwinters\model.py:427: FutureWarning:

After 0.13 initialization must be handled at model creation


WARNING:root:could not evaluate the paramaters: {'theta': 1.0, 'model_mode': <ModelMode.MULTIPLICATIVE: 'multiplicative'>, 'season_mode': <SeasonalityMode.MULTIPLICATIVE: 'multiplicative'>, 'trend_mode': <TrendMode.EXPONENTIAL: 'exponential'>}. error: Multiplicative seasonality is not appropriate for zero and negative values
WARNING:darts.models.forecasting.theta:Time series has negative values. Fallback to additive and linear model
WARNING:py.warnings:C:\Users\michaelkeith\AppData\Roaming\Python\Python38\site-packages\statsmodels\tsa\holtwinters\model.py:427: FutureWarning:

After 0.13 initialization must be handled at model creation


WARNING:darts.models.forecasting.theta:Time series has negative values. Fallback to additive and linear model
WARNING:py.warnings:C:\Users\michaelkeith\AppData\Roaming\Python\Python38\site-packages\statsmodels\tsa\holtwinters\model.py:427: FutureWarning:

After 0.13 initialization must be handled at model creation


WARNING:root:could not evaluate the paramaters: {'theta': 1.5, 'model_mode': <ModelMode.ADDITIVE: 'additive'>, 'season_mode': <SeasonalityMode.MULTIPLICATIVE: 'multiplicative'>, 'trend_mode': <TrendMode.EXPONENTIAL: 'exponential'>}. error: Multiplicative seasonality is not appropriate for zero and negative values
WARNING:darts.models.forecasting.theta:Time series has negative values. Fallback to additive and linear model
WARNING:py.warnings:C:\Users\michaelkeith\AppData\Roaming\Python\Python38\site-packages\statsmodels\tsa\holtwinters\model.py:427: FutureWarning:

After 0.13 initialization must be handled at model creation


WARNING:darts.models.forecasting.theta:Time series has negative values. Fallback to additive and linear model
WARNING:py.warnings:C:\Users\michaelkeith\AppData\Roaming\Python\Python38\site-packages\statsmodels\tsa\holtwinters\model.py:427: FutureWarning:

After 0.13 initialization must be handled at model creation


WARNING:root:could not evaluate the paramaters: {'theta': 1.5, 'model_mode': <ModelMode.MULTIPLICATIVE: 'multiplicative'>, 'season_mode': <SeasonalityMode.MULTIPLICATIVE: 'multiplicative'>, 'trend_mode': <TrendMode.EXPONENTIAL: 'exponential'>}. error: Multiplicative seasonality is not appropriate for zero and negative values
WARNING:darts.models.forecasting.theta:Time series has negative values. Fallback to additive and linear model
WARNING:py.warnings:C:\Users\michaelkeith\AppData\Roaming\Python\Python38\site-packages\statsmodels\tsa\holtwinters\model.py:427: FutureWarning:

After 0.13 initialization must be handled at model creation


WARNING:darts.models.forecasting.theta:Time series has negative values. Fallback to additive and linear model
WARNING:py.warnings:C:\Users\michaelkeith\AppData\Roaming\Python\Python38\site-packages\statsmodels\tsa\holtwinters\model.py:427: FutureWarning:

After 0.13 initialization must be handled at model creation


WARNING:root:could not evaluate the paramaters: {'theta': 2.0, 'model_mode': <ModelMode.ADDITIVE: 'additive'>, 'season_mode': <SeasonalityMode.MULTIPLICATIVE: 'multiplicative'>, 'trend_mode': <TrendMode.EXPONENTIAL: 'exponential'>}. error: Multiplicative seasonality is not appropriate for zero and negative values
WARNING:darts.models.forecasting.theta:Time series has negative values. Fallback to additive and linear model
WARNING:py.warnings:C:\Users\michaelkeith\AppData\Roaming\Python\Python38\site-packages\statsmodels\tsa\holtwinters\model.py:427: FutureWarning:

After 0.13 initialization must be handled at model creation


WARNING:darts.models.forecasting.theta:Time series has negative values. Fallback to additive and linear model
WARNING:py.warnings:C:\Users\michaelkeith\AppData\Roaming\Python\Python38\site-packages\statsmodels\tsa\holtwinters\model.py:427: FutureWarning:

After 0.13 initialization must be handled at model creation


WARNING:root:could not evaluate the paramaters: {'theta': 2.0, 'model_mode': <ModelMode.MULTIPLICATIVE: 'multiplicative'>, 'season_mode': <SeasonalityMode.MULTIPLICATIVE: 'multiplicative'>, 'trend_mode': <TrendMode.EXPONENTIAL: 'exponential'>}. error: Multiplicative seasonality is not appropriate for zero and negative values
WARNING:darts.models.forecasting.theta:Time series has negative values. Fallback to additive and linear model
WARNING:py.warnings:C:\Users\michaelkeith\AppData\Roaming\Python\Python38\site-packages\statsmodels\tsa\holtwinters\model.py:427: FutureWarning:

After 0.13 initialization must be handled at model creation


WARNING:darts.models.forecasting.theta:Time series has negative values. Fallback to additive and linear model
WARNING:py.warnings:C:\Users\michaelkeith\AppData\Roaming\Python\Python38\site-packages\statsmodels\tsa\holtwinters\model.py:427: FutureWarning:

After 0.13 initialization must be handled at model creation


WARNING:root:could not evaluate the paramaters: {'theta': 2.5, 'model_mode': <ModelMode.ADDITIVE: 'additive'>, 'season_mode': <SeasonalityMode.MULTIPLICATIVE: 'multiplicative'>, 'trend_mode': <TrendMode.EXPONENTIAL: 'exponential'>}. error: Multiplicative seasonality is not appropriate for zero and negative values
WARNING:darts.models.forecasting.theta:Time series has negative values. Fallback to additive and linear model
WARNING:py.warnings:C:\Users\michaelkeith\AppData\Roaming\Python\Python38\site-packages\statsmodels\tsa\holtwinters\model.py:427: FutureWarning:

After 0.13 initialization must be handled at model creation


WARNING:darts.models.forecasting.theta:Time series has negative values. Fallback to additive and linear model
WARNING:py.warnings:C:\Users\michaelkeith\AppData\Roaming\Python\Python38\site-packages\statsmodels\tsa\holtwinters\model.py:427: FutureWarning:

After 0.13 initialization must be handled at model creation


WARNING:root:could not evaluate the paramaters: {'theta': 2.5, 'model_mode': <ModelMode.MULTIPLICATIVE: 'multiplicative'>, 'season_mode': <SeasonalityMode.MULTIPLICATIVE: 'multiplicative'>, 'trend_mode': <TrendMode.EXPONENTIAL: 'exponential'>}. error: Multiplicative seasonality is not appropriate for zero and negative values
WARNING:darts.models.forecasting.theta:Time series has negative values. Fallback to additive and linear model
WARNING:py.warnings:C:\Users\michaelkeith\AppData\Roaming\Python\Python38\site-packages\statsmodels\tsa\holtwinters\model.py:427: FutureWarning:

After 0.13 initialization must be handled at model creation


WARNING:darts.models.forecasting.theta:Time series has negative values. Fallback to additive and linear model
WARNING:py.warnings:C:\Users\michaelkeith\AppData\Roaming\Python\Python38\site-packages\statsmodels\tsa\holtwinters\model.py:427: FutureWarning:

After 0.13 initialization must be handled at model creation


WARNING:root:could not evaluate the paramaters: {'theta': 3.0, 'model_mode': <ModelMode.ADDITIVE: 'additive'>, 'season_mode': <SeasonalityMode.MULTIPLICATIVE: 'multiplicative'>, 'trend_mode': <TrendMode.EXPONENTIAL: 'exponential'>}. error: Multiplicative seasonality is not appropriate for zero and negative values
WARNING:darts.models.forecasting.theta:Time series has negative values. Fallback to additive and linear model
WARNING:py.warnings:C:\Users\michaelkeith\AppData\Roaming\Python\Python38\site-packages\statsmodels\tsa\holtwinters\model.py:427: FutureWarning:

After 0.13 initialization must be handled at model creation


WARNING:darts.models.forecasting.theta:Time series has negative values. Fallback to additive and linear model
WARNING:py.warnings:C:\Users\michaelkeith\AppData\Roaming\Python\Python38\site-packages\statsmodels\tsa\holtwinters\model.py:427: FutureWarning:

After 0.13 initialization must be handled at model creation


WARNING:root:could not evaluate the paramaters: {'theta': 3.0, 'model_mode': <ModelMode.MULTIPLICATIVE: 'multiplicative'>, 'season_mode': <SeasonalityMode.MULTIPLICATIVE: 'multiplicative'>, 'trend_mode': <TrendMode.EXPONENTIAL: 'exponential'>}. error: Multiplicative seasonality is not appropriate for zero and negative values
WARNING:darts.models.forecasting.theta:Time series has negative values. Fallback to additive and linear model
WARNING:py.warnings:C:\Users\michaelkeith\AppData\Roaming\Python\Python38\site-packages\statsmodels\tsa\holtwinters\model.py:427: FutureWarning:

After 0.13 initialization must be handled at model creation


WARNING:darts.models.forecasting.theta:Time series has negative values. Fallback to additive and linear model
WARNING:py.warnings:C:\Users\michaelkeith\AppData\Roaming\Python\Python38\site-packages\statsmodels\tsa\holtwinters\model.py:427: FutureWarning:

After 0.13 initialization must be handled at model creation


WARNING:root:could not evaluate the paramaters: {'theta': 3.0, 'model_mode': <ModelMode.MULTIPLICATIVE: 'multiplicative'>, 'season_mode': <SeasonalityMode.ADDITIVE: 'additive'>, 'trend_mode': <TrendMode.LINEAR: 'linear'>}. error: list index out of range
WARNING:root:could not evaluate the paramaters: {'theta': 3.0, 'model_mode': <ModelMode.MULTIPLICATIVE: 'multiplicative'>, 'season_mode': <SeasonalityMode.ADDITIVE: 'additive'>, 'trend_mode': <TrendMode.LINEAR: 'linear'>}. error: list index out of range
WARNING:root:could not evaluate the paramaters: {'theta': 3.0, 'model_mode': <ModelMode.MULTIPLICATIVE: 'multiplicative'>, 'season_mode': <SeasonalityMode.ADDITIVE: 'additive'>, 'trend_mode': <TrendMode.LINEAR: 'linear'>}. error: list index out of range
WARNING:root:could not evaluate the paramaters: {'theta': 3.0, 'model_mode': <ModelMode.MULTIPLICATIVE: 'multiplicative'>, 'season_mode': <SeasonalityMode.ADDITIVE: 'additive'>, 'trend_mode': <TrendMode.LINEAR: 'linear'>}. error: list index out of range
WARNING:root:could not evaluate the paramaters: {'theta': 3.0, 'model_mode': <ModelMode.MULTIPLICATIVE: 'multiplicative'>, 'season_mode': <SeasonalityMode.ADDITIVE: 'additive'>, 'trend_mode': <TrendMode.LINEAR: 'linear'>}. error: list index out of range
WARNING:root:could not evaluate the paramaters: {'theta': 3.0, 'model_mode': <ModelMode.MULTIPLICATIVE: 'multiplicative'>, 'season_mode': <SeasonalityMode.ADDITIVE: 'additive'>, 'trend_mode': <TrendMode.LINEAR: 'linear'>}. error: list index out of range
WARNING:root:could not evaluate the paramaters: {'theta': 3.0, 'model_mode': <ModelMode.MULTIPLICATIVE: 'multiplicative'>, 'season_mode': <SeasonalityMode.ADDITIVE: 'additive'>, 'trend_mode': <TrendMode.LINEAR: 'linear'>}. error: list index out of range
WARNING:root:could not evaluate the paramaters: {'theta': 3.0, 'model_mode': <ModelMode.MULTIPLICATIVE: 'multiplicative'>, 'season_mode': <SeasonalityMode.ADDITIVE: 'additive'>, 'trend_mode': <TrendMode.LINEAR: 'linear'>}. error: list index out of range
WARNING:root:could not evaluate the paramaters: {'theta': 3.0, 'model_mode': <ModelMode.MULTIPLICATIVE: 'multiplicative'>, 'season_mode': <SeasonalityMode.ADDITIVE: 'additive'>, 'trend_mode': <TrendMode.LINEAR: 'linear'>}. error: list index out of range
WARNING:root:could not evaluate the paramaters: {'theta': 3.0, 'model_mode': <ModelMode.MULTIPLICATIVE: 'multiplicative'>, 'season_mode': <SeasonalityMode.ADDITIVE: 'additive'>, 'trend_mode': <TrendMode.LINEAR: 'linear'>}. error: list index out of range
WARNING:root:could not evaluate the paramaters: {'theta': 3.0, 'model_mode': <ModelMode.MULTIPLICATIVE: 'multiplicative'>, 'season_mode': <SeasonalityMode.ADDITIVE: 'additive'>, 'trend_mode': <TrendMode.LINEAR: 'linear'>}. error: list index out of range
WARNING:root:could not evaluate the paramaters: {'theta': 3.0, 'model_mode': <ModelMode.MULTIPLICATIVE: 'multiplicative'>, 'season_mode': <SeasonalityMode.ADDITIVE: 'additive'>, 'trend_mode': <TrendMode.LINEAR: 'linear'>}. error: list index out of range
WARNING:root:could not evaluate the paramaters: {'theta': 0.5, 'model_mode': <ModelMode.ADDITIVE: 'additive'>, 'season_mode': <SeasonalityMode.MULTIPLICATIVE: 'multiplicative'>, 'trend_mode': <TrendMode.EXPONENTIAL: 'exponential'>}. error: Multiplicative seasonality is not appropriate for zero and negative values
WARNING:darts.models.forecasting.theta:Time series has negative values. Fallback to additive and linear model
WARNING:py.warnings:C:\Users\michaelkeith\AppData\Roaming\Python\Python38\site-packages\statsmodels\tsa\holtwinters\model.py:427: FutureWarning:

After 0.13 initialization must be handled at model creation


WARNING:darts.models.forecasting.theta:Time series has negative values. Fallback to additive and linear model
WARNING:py.warnings:C:\Users\michaelkeith\AppData\Roaming\Python\Python38\site-packages\statsmodels\tsa\holtwinters\model.py:427: FutureWarning:

After 0.13 initialization must be handled at model creation


WARNING:root:could not evaluate the paramaters: {'theta': 0.5, 'model_mode': <ModelMode.MULTIPLICATIVE: 'multiplicative'>, 'season_mode': <SeasonalityMode.MULTIPLICATIVE: 'multiplicative'>, 'trend_mode': <TrendMode.EXPONENTIAL: 'exponential'>}. error: Multiplicative seasonality is not appropriate for zero and negative values
WARNING:darts.models.forecasting.theta:Time series has negative values. Fallback to additive and linear model
WARNING:py.warnings:C:\Users\michaelkeith\AppData\Roaming\Python\Python38\site-packages\statsmodels\tsa\holtwinters\model.py:427: FutureWarning:

After 0.13 initialization must be handled at model creation


WARNING:darts.models.forecasting.theta:Time series has negative values. Fallback to additive and linear model
WARNING:py.warnings:C:\Users\michaelkeith\AppData\Roaming\Python\Python38\site-packages\statsmodels\tsa\holtwinters\model.py:427: FutureWarning:

After 0.13 initialization must be handled at model creation


WARNING:root:could not evaluate the paramaters: {'theta': 1.0, 'model_mode': <ModelMode.ADDITIVE: 'additive'>, 'season_mode': <SeasonalityMode.MULTIPLICATIVE: 'multiplicative'>, 'trend_mode': <TrendMode.EXPONENTIAL: 'exponential'>}. error: Multiplicative seasonality is not appropriate for zero and negative values
WARNING:darts.models.forecasting.theta:Time series has negative values. Fallback to additive and linear model
WARNING:py.warnings:C:\Users\michaelkeith\AppData\Roaming\Python\Python38\site-packages\statsmodels\tsa\holtwinters\model.py:427: FutureWarning:

After 0.13 initialization must be handled at model creation


WARNING:darts.models.forecasting.theta:Time series has negative values. Fallback to additive and linear model
WARNING:py.warnings:C:\Users\michaelkeith\AppData\Roaming\Python\Python38\site-packages\statsmodels\tsa\holtwinters\model.py:427: FutureWarning:

After 0.13 initialization must be handled at model creation


WARNING:root:could not evaluate the paramaters: {'theta': 1.0, 'model_mode': <ModelMode.MULTIPLICATIVE: 'multiplicative'>, 'season_mode': <SeasonalityMode.MULTIPLICATIVE: 'multiplicative'>, 'trend_mode': <TrendMode.EXPONENTIAL: 'exponential'>}. error: Multiplicative seasonality is not appropriate for zero and negative values
WARNING:darts.models.forecasting.theta:Time series has negative values. Fallback to additive and linear model
WARNING:py.warnings:C:\Users\michaelkeith\AppData\Roaming\Python\Python38\site-packages\statsmodels\tsa\holtwinters\model.py:427: FutureWarning:

After 0.13 initialization must be handled at model creation


WARNING:darts.models.forecasting.theta:Time series has negative values. Fallback to additive and linear model
WARNING:py.warnings:C:\Users\michaelkeith\AppData\Roaming\Python\Python38\site-packages\statsmodels\tsa\holtwinters\model.py:427: FutureWarning:

After 0.13 initialization must be handled at model creation


WARNING:root:could not evaluate the paramaters: {'theta': 1.5, 'model_mode': <ModelMode.ADDITIVE: 'additive'>, 'season_mode': <SeasonalityMode.MULTIPLICATIVE: 'multiplicative'>, 'trend_mode': <TrendMode.EXPONENTIAL: 'exponential'>}. error: Multiplicative seasonality is not appropriate for zero and negative values
WARNING:darts.models.forecasting.theta:Time series has negative values. Fallback to additive and linear model
WARNING:py.warnings:C:\Users\michaelkeith\AppData\Roaming\Python\Python38\site-packages\statsmodels\tsa\holtwinters\model.py:427: FutureWarning:

After 0.13 initialization must be handled at model creation


WARNING:darts.models.forecasting.theta:Time series has negative values. Fallback to additive and linear model
WARNING:py.warnings:C:\Users\michaelkeith\AppData\Roaming\Python\Python38\site-packages\statsmodels\tsa\holtwinters\model.py:427: FutureWarning:

After 0.13 initialization must be handled at model creation


WARNING:root:could not evaluate the paramaters: {'theta': 1.5, 'model_mode': <ModelMode.MULTIPLICATIVE: 'multiplicative'>, 'season_mode': <SeasonalityMode.MULTIPLICATIVE: 'multiplicative'>, 'trend_mode': <TrendMode.EXPONENTIAL: 'exponential'>}. error: Multiplicative seasonality is not appropriate for zero and negative values
WARNING:darts.models.forecasting.theta:Time series has negative values. Fallback to additive and linear model
WARNING:py.warnings:C:\Users\michaelkeith\AppData\Roaming\Python\Python38\site-packages\statsmodels\tsa\holtwinters\model.py:427: FutureWarning:

After 0.13 initialization must be handled at model creation


WARNING:darts.models.forecasting.theta:Time series has negative values. Fallback to additive and linear model
WARNING:py.warnings:C:\Users\michaelkeith\AppData\Roaming\Python\Python38\site-packages\statsmodels\tsa\holtwinters\model.py:427: FutureWarning:

After 0.13 initialization must be handled at model creation


WARNING:root:could not evaluate the paramaters: {'theta': 2.0, 'model_mode': <ModelMode.ADDITIVE: 'additive'>, 'season_mode': <SeasonalityMode.MULTIPLICATIVE: 'multiplicative'>, 'trend_mode': <TrendMode.EXPONENTIAL: 'exponential'>}. error: Multiplicative seasonality is not appropriate for zero and negative values
WARNING:darts.models.forecasting.theta:Time series has negative values. Fallback to additive and linear model
WARNING:py.warnings:C:\Users\michaelkeith\AppData\Roaming\Python\Python38\site-packages\statsmodels\tsa\holtwinters\model.py:427: FutureWarning:

After 0.13 initialization must be handled at model creation


WARNING:darts.models.forecasting.theta:Time series has negative values. Fallback to additive and linear model
WARNING:py.warnings:C:\Users\michaelkeith\AppData\Roaming\Python\Python38\site-packages\statsmodels\tsa\holtwinters\model.py:427: FutureWarning:

After 0.13 initialization must be handled at model creation


WARNING:root:could not evaluate the paramaters: {'theta': 2.0, 'model_mode': <ModelMode.MULTIPLICATIVE: 'multiplicative'>, 'season_mode': <SeasonalityMode.MULTIPLICATIVE: 'multiplicative'>, 'trend_mode': <TrendMode.EXPONENTIAL: 'exponential'>}. error: Multiplicative seasonality is not appropriate for zero and negative values
WARNING:darts.models.forecasting.theta:Time series has negative values. Fallback to additive and linear model
WARNING:py.warnings:C:\Users\michaelkeith\AppData\Roaming\Python\Python38\site-packages\statsmodels\tsa\holtwinters\model.py:427: FutureWarning:

After 0.13 initialization must be handled at model creation


WARNING:darts.models.forecasting.theta:Time series has negative values. Fallback to additive and linear model
WARNING:py.warnings:C:\Users\michaelkeith\AppData\Roaming\Python\Python38\site-packages\statsmodels\tsa\holtwinters\model.py:427: FutureWarning:

After 0.13 initialization must be handled at model creation


WARNING:root:could not evaluate the paramaters: {'theta': 2.5, 'model_mode': <ModelMode.ADDITIVE: 'additive'>, 'season_mode': <SeasonalityMode.MULTIPLICATIVE: 'multiplicative'>, 'trend_mode': <TrendMode.EXPONENTIAL: 'exponential'>}. error: Multiplicative seasonality is not appropriate for zero and negative values
WARNING:darts.models.forecasting.theta:Time series has negative values. Fallback to additive and linear model
WARNING:py.warnings:C:\Users\michaelkeith\AppData\Roaming\Python\Python38\site-packages\statsmodels\tsa\holtwinters\model.py:427: FutureWarning:

After 0.13 initialization must be handled at model creation


WARNING:darts.models.forecasting.theta:Time series has negative values. Fallback to additive and linear model
WARNING:py.warnings:C:\Users\michaelkeith\AppData\Roaming\Python\Python38\site-packages\statsmodels\tsa\holtwinters\model.py:427: FutureWarning:

After 0.13 initialization must be handled at model creation


WARNING:root:could not evaluate the paramaters: {'theta': 2.5, 'model_mode': <ModelMode.MULTIPLICATIVE: 'multiplicative'>, 'season_mode': <SeasonalityMode.MULTIPLICATIVE: 'multiplicative'>, 'trend_mode': <TrendMode.EXPONENTIAL: 'exponential'>}. error: Multiplicative seasonality is not appropriate for zero and negative values
WARNING:darts.models.forecasting.theta:Time series has negative values. Fallback to additive and linear model
WARNING:py.warnings:C:\Users\michaelkeith\AppData\Roaming\Python\Python38\site-packages\statsmodels\tsa\holtwinters\model.py:427: FutureWarning:

After 0.13 initialization must be handled at model creation


WARNING:darts.models.forecasting.theta:Time series has negative values. Fallback to additive and linear model
WARNING:py.warnings:C:\Users\michaelkeith\AppData\Roaming\Python\Python38\site-packages\statsmodels\tsa\holtwinters\model.py:427: FutureWarning:

After 0.13 initialization must be handled at model creation


WARNING:root:could not evaluate the paramaters: {'theta': 3.0, 'model_mode': <ModelMode.ADDITIVE: 'additive'>, 'season_mode': <SeasonalityMode.MULTIPLICATIVE: 'multiplicative'>, 'trend_mode': <TrendMode.EXPONENTIAL: 'exponential'>}. error: Multiplicative seasonality is not appropriate for zero and negative values
WARNING:darts.models.forecasting.theta:Time series has negative values. Fallback to additive and linear model
WARNING:py.warnings:C:\Users\michaelkeith\AppData\Roaming\Python\Python38\site-packages\statsmodels\tsa\holtwinters\model.py:427: FutureWarning:

After 0.13 initialization must be handled at model creation


WARNING:darts.models.forecasting.theta:Time series has negative values. Fallback to additive and linear model
WARNING:py.warnings:C:\Users\michaelkeith\AppData\Roaming\Python\Python38\site-packages\statsmodels\tsa\holtwinters\model.py:427: FutureWarning:

After 0.13 initialization must be handled at model creation


WARNING:root:could not evaluate the paramaters: {'theta': 3.0, 'model_mode': <ModelMode.MULTIPLICATIVE: 'multiplicative'>, 'season_mode': <SeasonalityMode.MULTIPLICATIVE: 'multiplicative'>, 'trend_mode': <TrendMode.EXPONENTIAL: 'exponential'>}. error: Multiplicative seasonality is not appropriate for zero and negative values
WARNING:darts.models.forecasting.theta:Time series has negative values. Fallback to additive and linear model
WARNING:py.warnings:C:\Users\michaelkeith\AppData\Roaming\Python\Python38\site-packages\statsmodels\tsa\holtwinters\model.py:427: FutureWarning:

After 0.13 initialization must be handled at model creation


WARNING:darts.models.forecasting.theta:Time series has negative values. Fallback to additive and linear model
WARNING:py.warnings:C:\Users\michaelkeith\AppData\Roaming\Python\Python38\site-packages\statsmodels\tsa\holtwinters\model.py:427: FutureWarning:

After 0.13 initialization must be handled at model creation


WARNING:root:could not evaluate the paramaters: {'theta': 3.0, 'model_mode': <ModelMode.MULTIPLICATIVE: 'multiplicative'>, 'season_mode': <SeasonalityMode.ADDITIVE: 'additive'>, 'trend_mode': <TrendMode.LINEAR: 'linear'>}. error: list index out of range
WARNING:root:could not evaluate the paramaters: {'theta': 3.0, 'model_mode': <ModelMode.MULTIPLICATIVE: 'multiplicative'>, 'season_mode': <SeasonalityMode.ADDITIVE: 'additive'>, 'trend_mode': <TrendMode.LINEAR: 'linear'>}. error: list index out of range
WARNING:root:could not evaluate the paramaters: {'theta': 3.0, 'model_mode': <ModelMode.MULTIPLICATIVE: 'multiplicative'>, 'season_mode': <SeasonalityMode.ADDITIVE: 'additive'>, 'trend_mode': <TrendMode.LINEAR: 'linear'>}. error: list index out of range
WARNING:root:could not evaluate the paramaters: {'theta': 3.0, 'model_mode': <ModelMode.MULTIPLICATIVE: 'multiplicative'>, 'season_mode': <SeasonalityMode.ADDITIVE: 'additive'>, 'trend_mode': <TrendMode.LINEAR: 'linear'>}. error: list index out of range
WARNING:root:could not evaluate the paramaters: {'theta': 3.0, 'model_mode': <ModelMode.MULTIPLICATIVE: 'multiplicative'>, 'season_mode': <SeasonalityMode.ADDITIVE: 'additive'>, 'trend_mode': <TrendMode.LINEAR: 'linear'>}. error: list index out of range
WARNING:root:could not evaluate the paramaters: {'theta': 3.0, 'model_mode': <ModelMode.MULTIPLICATIVE: 'multiplicative'>, 'season_mode': <SeasonalityMode.ADDITIVE: 'additive'>, 'trend_mode': <TrendMode.LINEAR: 'linear'>}. error: list index out of range
WARNING:root:could not evaluate the paramaters: {'theta': 3.0, 'model_mode': <ModelMode.MULTIPLICATIVE: 'multiplicative'>, 'season_mode': <SeasonalityMode.ADDITIVE: 'additive'>, 'trend_mode': <TrendMode.LINEAR: 'linear'>}. error: list index out of range
WARNING:root:could not evaluate the paramaters: {'theta': 3.0, 'model_mode': <ModelMode.MULTIPLICATIVE: 'multiplicative'>, 'season_mode': <SeasonalityMode.ADDITIVE: 'additive'>, 'trend_mode': <TrendMode.LINEAR: 'linear'>}. error: list index out of range
WARNING:root:could not evaluate the paramaters: {'theta': 3.0, 'model_mode': <ModelMode.MULTIPLICATIVE: 'multiplicative'>, 'season_mode': <SeasonalityMode.ADDITIVE: 'additive'>, 'trend_mode': <TrendMode.LINEAR: 'linear'>}. error: list index out of range
WARNING:root:could not evaluate the paramaters: {'theta': 3.0, 'model_mode': <ModelMode.MULTIPLICATIVE: 'multiplicative'>, 'season_mode': <SeasonalityMode.ADDITIVE: 'additive'>, 'trend_mode': <TrendMode.LINEAR: 'linear'>}. error: list index out of range
WARNING:root:could not evaluate the paramaters: {'theta': 3.0, 'model_mode': <ModelMode.MULTIPLICATIVE: 'multiplicative'>, 'season_mode': <SeasonalityMode.ADDITIVE: 'additive'>, 'trend_mode': <TrendMode.LINEAR: 'linear'>}. error: list index out of range
WARNING:root:could not evaluate the paramaters: {'theta': 3.0, 'model_mode': <ModelMode.MULTIPLICATIVE: 'multiplicative'>, 'season_mode': <SeasonalityMode.ADDITIVE: 'additive'>, 'trend_mode': <TrendMode.LINEAR: 'linear'>}. error: list index out of range
